[2015-06-13 09:21:21] /sun/index.php?act=db&op=db&step=1 ( act=db&op=db ) 
ERR: Db Error: Table 'qdm163903679_db.TABLEPRE' doesn't exist
SHOW CREATE TABLE TABLEPRE
[2015-06-13 09:21:21] /sun/index.php?act=db&op=db&step=1 ( act=db&op=db ) 
ERR: Db Error: Table 'qdm163903679_db.TABLEPRE' doesn't exist
SHOW CREATE TABLE TABLEPRE
[2015-06-13 09:21:21] /sun/index.php?act=db&op=db&step=1 ( act=db&op=db ) 
ERR: Db Error: Table 'qdm163903679_db.TABLEPRE' doesn't exist
SHOW CREATE TABLE TABLEPRE
[2015-06-13 09:21:21] /sun/index.php?act=db&op=db&step=1 ( act=db&op=db ) 
ERR: Db Error: Table 'qdm163903679_db.TABLEPRE' doesn't exist
SHOW CREATE TABLE TABLEPRE
[2015-06-13 09:21:21] /sun/index.php?act=db&op=db&step=1 ( act=db&op=db ) 
ERR: Db Error: Table 'qdm163903679_db.TABLEPRE' doesn't exist
SHOW CREATE TABLE TABLEPRE
[2015-06-13 09:21:21] /sun/index.php?act=db&op=db&step=1 ( act=db&op=db ) 
ERR: Db Error: Table 'qdm163903679_db.TABLEPRE' doesn't exist
SHOW CREATE TABLE TABLEPRE
[2015-06-13 09:21:21] /sun/index.php?act=db&op=db&step=1 ( act=db&op=db ) 
ERR: Db Error: Table 'qdm163903679_db.TABLEPRE' doesn't exist
SHOW CREATE TABLE TABLEPRE
[2015-06-13 09:21:21] /sun/index.php?act=db&op=db&step=1 ( act=db&op=db ) 
ERR: Db Error: Table 'qdm163903679_db.TABLEPRE' doesn't exist
SHOW CREATE TABLE TABLEPRE
[2015-06-13 09:21:21] /sun/index.php?act=db&op=db&step=1 ( act=db&op=db ) 
ERR: Db Error: Table 'qdm163903679_db.TABLEPRE' doesn't exist
SHOW CREATE TABLE TABLEPRE
[2015-06-13 09:21:21] /sun/index.php?act=db&op=db&step=1 ( act=db&op=db ) 
ERR: Db Error: Table 'qdm163903679_db.TABLEPRE' doesn't exist
SHOW CREATE TABLE TABLEPRE
[2015-06-13 09:21:21] /sun/index.php?act=db&op=db&step=1 ( act=db&op=db ) 
ERR: Db Error: Table 'qdm163903679_db.TABLEPRE' doesn't exist
SHOW CREATE TABLE TABLEPRE
[2015-06-13 09:21:21] /sun/index.php?act=db&op=db&step=1 ( act=db&op=db ) 
ERR: Db Error: Table 'qdm163903679_db.TABLEPRE' doesn't exist
SHOW CREATE TABLE TABLEPRE
[2015-06-13 09:21:21] /sun/index.php?act=db&op=db&step=1 ( act=db&op=db ) 
ERR: Db Error: Table 'qdm163903679_db.TABLEPRE' doesn't exist
SHOW CREATE TABLE TABLEPRE
[2015-06-13 09:21:21] /sun/index.php?act=db&op=db&step=1 ( act=db&op=db ) 
ERR: Db Error: Table 'qdm163903679_db.TABLEPRE' doesn't exist
SHOW CREATE TABLE TABLEPRE
[2015-06-13 09:21:21] /sun/index.php?act=db&op=db&step=1 ( act=db&op=db ) 
ERR: Db Error: Table 'qdm163903679_db.TABLEPRE' doesn't exist
SHOW CREATE TABLE TABLEPRE
[2015-06-13 09:21:21] /sun/index.php?act=db&op=db&step=1 ( act=db&op=db ) 
ERR: Db Error: Table 'qdm163903679_db.TABLEPRE' doesn't exist
SHOW CREATE TABLE TABLEPRE
[2015-06-13 09:21:21] /sun/index.php?act=db&op=db&step=1 ( act=db&op=db ) 
ERR: Db Error: Table 'qdm163903679_db.TABLEPRE' doesn't exist
SHOW CREATE TABLE TABLEPRE
[2015-06-13 09:21:21] /sun/index.php?act=db&op=db&step=1 ( act=db&op=db ) 
ERR: Db Error: Table 'qdm163903679_db.TABLEPRE' doesn't exist
SHOW CREATE TABLE TABLEPRE
[2015-06-13 09:21:21] /sun/index.php?act=db&op=db&step=1 ( act=db&op=db ) 
ERR: Db Error: Table 'qdm163903679_db.TABLEPRE' doesn't exist
SHOW CREATE TABLE TABLEPRE
[2015-06-13 09:21:21] /sun/index.php?act=db&op=db&step=1 ( act=db&op=db ) 
ERR: Db Error: Table 'qdm163903679_db.TABLEPRE' doesn't exist
SHOW CREATE TABLE TABLEPRE
[2015-06-13 09:21:21] /sun/index.php?act=db&op=db&step=1 ( act=db&op=db ) 
ERR: Db Error: Table 'qdm163903679_db.TABLEPRE' doesn't exist
SHOW CREATE TABLE TABLEPRE
[2015-06-13 09:21:21] /sun/index.php?act=db&op=db&step=1 ( act=db&op=db ) 
ERR: Db Error: Table 'qdm163903679_db.TABLEPRE' doesn't exist
SHOW CREATE TABLE TABLEPRE
[2015-06-13 09:21:21] /sun/index.php?act=db&op=db&step=1 ( act=db&op=db ) 
ERR: Db Error: Table 'qdm163903679_db.TABLEPRE' doesn't exist
SHOW CREATE TABLE TABLEPRE
[2015-06-13 09:21:21] /sun/index.php?act=db&op=db&step=1 ( act=db&op=db ) 
ERR: Db Error: Table 'qdm163903679_db.TABLEPRE' doesn't exist
SHOW CREATE TABLE TABLEPRE
[2015-06-13 09:21:21] /sun/index.php?act=db&op=db&step=1 ( act=db&op=db ) 
ERR: Db Error: Table 'qdm163903679_db.TABLEPRE' doesn't exist
SHOW CREATE TABLE TABLEPRE
[2015-06-13 09:21:21] /sun/index.php?act=db&op=db&step=1 ( act=db&op=db ) 
ERR: Db Error: Table 'qdm163903679_db.TABLEPRE' doesn't exist
SHOW CREATE TABLE TABLEPRE
[2015-06-13 09:21:21] /sun/index.php?act=db&op=db&step=1 ( act=db&op=db ) 
ERR: Db Error: Table 'qdm163903679_db.TABLEPRE' doesn't exist
SHOW CREATE TABLE TABLEPRE
[2015-06-13 09:21:21] /sun/index.php?act=db&op=db&step=1 ( act=db&op=db ) 
ERR: Db Error: Table 'qdm163903679_db.TABLEPRE' doesn't exist
SHOW CREATE TABLE TABLEPRE
[2015-06-13 09:21:21] /sun/index.php?act=db&op=db&step=1 ( act=db&op=db ) 
ERR: Db Error: Table 'qdm163903679_db.TABLEPRE' doesn't exist
SHOW CREATE TABLE TABLEPRE
[2015-06-13 09:21:21] /sun/index.php?act=db&op=db&step=1 ( act=db&op=db ) 
ERR: Db Error: Table 'qdm163903679_db.TABLEPRE' doesn't exist
SHOW CREATE TABLE TABLEPRE
[2015-06-13 09:21:21] /sun/index.php?act=db&op=db&step=1 ( act=db&op=db ) 
ERR: Db Error: Table 'qdm163903679_db.TABLEPRE' doesn't exist
SHOW CREATE TABLE TABLEPRE
[2015-06-13 09:21:21] /sun/index.php?act=db&op=db&step=1 ( act=db&op=db ) 
ERR: Db Error: Table 'qdm163903679_db.TABLEPRE' doesn't exist
SHOW CREATE TABLE TABLEPRE
[2015-06-13 09:21:21] /sun/index.php?act=db&op=db&step=1 ( act=db&op=db ) 
ERR: Db Error: Table 'qdm163903679_db.TABLEPRE' doesn't exist
SHOW CREATE TABLE TABLEPRE
[2015-06-13 09:21:21] /sun/index.php?act=db&op=db&step=1 ( act=db&op=db ) 
ERR: Db Error: Table 'qdm163903679_db.TABLEPRE' doesn't exist
SHOW CREATE TABLE TABLEPRE
[2015-06-13 09:21:21] /sun/index.php?act=db&op=db&step=1 ( act=db&op=db ) 
ERR: Db Error: Table 'qdm163903679_db.TABLEPRE' doesn't exist
SHOW CREATE TABLE TABLEPRE
[2015-06-13 09:21:21] /sun/index.php?act=db&op=db&step=1 ( act=db&op=db ) 
ERR: Db Error: Table 'qdm163903679_db.TABLEPRE' doesn't exist
SHOW CREATE TABLE TABLEPRE
[2015-06-13 09:21:21] /sun/index.php?act=db&op=db&step=1 ( act=db&op=db ) 
ERR: Db Error: Table 'qdm163903679_db.TABLEPRE' doesn't exist
SHOW CREATE TABLE TABLEPRE
[2015-06-13 09:21:21] /sun/index.php?act=db&op=db&step=1 ( act=db&op=db ) 
ERR: Db Error: Table 'qdm163903679_db.TABLEPRE' doesn't exist
SHOW CREATE TABLE TABLEPRE
[2015-06-13 09:21:21] /sun/index.php?act=db&op=db&step=1 ( act=db&op=db ) 
ERR: Db Error: Table 'qdm163903679_db.TABLEPRE' doesn't exist
SHOW CREATE TABLE TABLEPRE
[2015-06-13 09:21:21] /sun/index.php?act=db&op=db&step=1 ( act=db&op=db ) 
ERR: Db Error: Table 'qdm163903679_db.TABLEPREn' doesn't exist
SHOW CREATE TABLE TABLEPREn
[2015-06-13 09:21:21] /sun/index.php?act=db&op=db&step=1 ( act=db&op=db ) 
ERR: Db Error: Table 'qdm163903679_db.TABLEPRE' doesn't exist
SHOW CREATE TABLE TABLEPRE
[2015-06-13 09:21:21] /sun/index.php?act=db&op=db&step=1 ( act=db&op=db ) 
ERR: Db Error: Table 'qdm163903679_db.TABLEPRE' doesn't exist
SHOW CREATE TABLE TABLEPRE
[2015-06-13 09:21:21] /sun/index.php?act=db&op=db&step=1 ( act=db&op=db ) 
ERR: Db Error: Table 'qdm163903679_db.TABLEPRE' doesn't exist
SHOW CREATE TABLE TABLEPRE
[2015-06-13 09:21:21] /sun/index.php?act=db&op=db&step=1 ( act=db&op=db ) 
ERR: Db Error: Table 'qdm163903679_db.TABLEPREde' doesn't exist
SHOW CREATE TABLE TABLEPREde
[2015-06-13 09:21:21] /sun/index.php?act=db&op=db&step=1 ( act=db&op=db ) 
ERR: Db Error: Table 'qdm163903679_db.TABLEPRE' doesn't exist
SHOW CREATE TABLE TABLEPRE
[2015-06-13 09:21:21] /sun/index.php?act=db&op=db&step=1 ( act=db&op=db ) 
ERR: Db Error: Table 'qdm163903679_db.TABLEPRE' doesn't exist
SHOW CREATE TABLE TABLEPRE
[2015-06-13 09:21:21] /sun/index.php?act=db&op=db&step=1 ( act=db&op=db ) 
ERR: Db Error: Table 'qdm163903679_db.TABLEPRE' doesn't exist
SHOW CREATE TABLE TABLEPRE
[2015-06-13 09:21:21] /sun/index.php?act=db&op=db&step=1 ( act=db&op=db ) 
ERR: Db Error: Table 'qdm163903679_db.TABLEPRE' doesn't exist
SHOW CREATE TABLE TABLEPRE
[2015-06-13 09:21:21] /sun/index.php?act=db&op=db&step=1 ( act=db&op=db ) 
ERR: Db Error: Table 'qdm163903679_db.TABLEPRE' doesn't exist
SHOW CREATE TABLE TABLEPRE
[2015-06-13 09:21:21] /sun/index.php?act=db&op=db&step=1 ( act=db&op=db ) 
ERR: Db Error: Table 'qdm163903679_db.TABLEPREy' doesn't exist
SHOW CREATE TABLE TABLEPREy
[2015-06-13 09:21:21] /sun/index.php?act=db&op=db&step=1 ( act=db&op=db ) 
ERR: Db Error: Table 'qdm163903679_db.TABLEPRE' doesn't exist
SHOW CREATE TABLE TABLEPRE
[2015-06-13 09:21:21] /sun/index.php?act=db&op=db&step=1 ( act=db&op=db ) 
ERR: Db Error: Table 'qdm163903679_db.TABLEPRE' doesn't exist
SHOW CREATE TABLE TABLEPRE
[2015-06-13 09:21:21] /sun/index.php?act=db&op=db&step=1 ( act=db&op=db ) 
ERR: Db Error: Table 'qdm163903679_db.TABLEPRE' doesn't exist
SHOW CREATE TABLE TABLEPRE
[2015-06-13 09:21:21] /sun/index.php?act=db&op=db&step=1 ( act=db&op=db ) 
ERR: Db Error: Table 'qdm163903679_db.TABLEPRE' doesn't exist
SHOW CREATE TABLE TABLEPRE
[2015-06-13 09:21:21] /sun/index.php?act=db&op=db&step=1 ( act=db&op=db ) 
ERR: Db Error: Table 'qdm163903679_db.TABLEPRE' doesn't exist
SHOW CREATE TABLE TABLEPRE
[2015-06-13 09:21:21] /sun/index.php?act=db&op=db&step=1 ( act=db&op=db ) 
ERR: Db Error: Table 'qdm163903679_db.TABLEPRE' doesn't exist
SHOW CREATE TABLE TABLEPRE
[2015-06-13 09:21:21] /sun/index.php?act=db&op=db&step=1 ( act=db&op=db ) 
ERR: Db Error: Table 'qdm163903679_db.TABLEPRE' doesn't exist
SHOW CREATE TABLE TABLEPRE
[2015-06-13 09:21:21] /sun/index.php?act=db&op=db&step=1 ( act=db&op=db ) 
ERR: Db Error: Table 'qdm163903679_db.TABLEPRE' doesn't exist
SHOW CREATE TABLE TABLEPRE
[2015-06-13 09:21:21] /sun/index.php?act=db&op=db&step=1 ( act=db&op=db ) 
ERR: Db Error: Table 'qdm163903679_db.TABLEPRE' doesn't exist
SHOW CREATE TABLE TABLEPRE
[2015-06-13 09:21:21] /sun/index.php?act=db&op=db&step=1 ( act=db&op=db ) 
ERR: Db Error: Table 'qdm163903679_db.TABLEPRE' doesn't exist
SHOW CREATE TABLE TABLEPRE
[2015-06-13 09:21:21] /sun/index.php?act=db&op=db&step=1 ( act=db&op=db ) 
ERR: Db Error: Table 'qdm163903679_db.TABLEPRE' doesn't exist
SHOW CREATE TABLE TABLEPRE
[2015-06-13 09:21:21] /sun/index.php?act=db&op=db&step=1 ( act=db&op=db ) 
ERR: Db Error: Table 'qdm163903679_db.TABLEPRE' doesn't exist
SHOW CREATE TABLE TABLEPRE
[2015-06-13 09:21:21] /sun/index.php?act=db&op=db&step=1 ( act=db&op=db ) 
ERR: Db Error: Table 'qdm163903679_db.TABLEPRE' doesn't exist
SHOW CREATE TABLE TABLEPRE
[2015-06-13 09:21:21] /sun/index.php?act=db&op=db&step=1 ( act=db&op=db ) 
ERR: Db Error: Table 'qdm163903679_db.TABLEPRE' doesn't exist
SHOW CREATE TABLE TABLEPRE
[2015-06-13 09:21:21] /sun/index.php?act=db&op=db&step=1 ( act=db&op=db ) 
ERR: Db Error: Table 'qdm163903679_db.TABLEPRE' doesn't exist
SHOW CREATE TABLE TABLEPRE
[2015-06-13 09:21:21] /sun/index.php?act=db&op=db&step=1 ( act=db&op=db ) 
ERR: Db Error: Table 'qdm163903679_db.TABLEPRE' doesn't exist
SHOW CREATE TABLE TABLEPRE
[2015-06-13 09:21:21] /sun/index.php?act=db&op=db&step=1 ( act=db&op=db ) 
ERR: Db Error: Table 'qdm163903679_db.TABLEPRE' doesn't exist
SHOW CREATE TABLE TABLEPRE
[2015-06-13 09:21:21] /sun/index.php?act=db&op=db&step=1 ( act=db&op=db ) 
ERR: Db Error: Table 'qdm163903679_db.TABLEPRE' doesn't exist
SHOW CREATE TABLE TABLEPRE
[2015-06-13 09:21:21] /sun/index.php?act=db&op=db&step=1 ( act=db&op=db ) 
ERR: Db Error: Table 'qdm163903679_db.TABLEPRE' doesn't exist
SHOW CREATE TABLE TABLEPRE
[2015-06-13 09:21:21] /sun/index.php?act=db&op=db&step=1 ( act=db&op=db ) 
ERR: Db Error: Table 'qdm163903679_db.TABLEPRE' doesn't exist
SHOW CREATE TABLE TABLEPRE
[2015-06-13 09:21:21] /sun/index.php?act=db&op=db&step=1 ( act=db&op=db ) 
ERR: Db Error: Table 'qdm163903679_db.TABLEPRE' doesn't exist
SHOW CREATE TABLE TABLEPRE
[2015-06-13 09:21:21] /sun/index.php?act=db&op=db&step=1 ( act=db&op=db ) 
ERR: Db Error: Table 'qdm163903679_db.TABLEPRE' doesn't exist
SHOW CREATE TABLE TABLEPRE
[2015-06-13 09:21:21] /sun/index.php?act=db&op=db&step=1 ( act=db&op=db ) 
ERR: Db Error: Table 'qdm163903679_db.TABLEPRE' doesn't exist
SHOW CREATE TABLE TABLEPRE
[2015-06-13 09:21:21] /sun/index.php?act=db&op=db&step=1 ( act=db&op=db ) 
ERR: Db Error: Table 'qdm163903679_db.TABLEPRE' doesn't exist
SHOW CREATE TABLE TABLEPRE
[2015-06-13 09:21:21] /sun/index.php?act=db&op=db&step=1 ( act=db&op=db ) 
ERR: Db Error: Table 'qdm163903679_db.TABLEPRE' doesn't exist
SHOW CREATE TABLE TABLEPRE
[2015-06-13 09:21:21] /sun/index.php?act=db&op=db&step=1 ( act=db&op=db ) 
ERR: Db Error: Table 'qdm163903679_db.TABLEPRE' doesn't exist
SHOW CREATE TABLE TABLEPRE
[2015-06-13 09:21:21] /sun/index.php?act=db&op=db&step=1 ( act=db&op=db ) 
ERR: Db Error: Table 'qdm163903679_db.TABLEPRE' doesn't exist
SHOW CREATE TABLE TABLEPRE
[2015-06-13 09:21:21] /sun/index.php?act=db&op=db&step=1 ( act=db&op=db ) 
ERR: Db Error: Table 'qdm163903679_db.TABLEPRE' doesn't exist
SHOW CREATE TABLE TABLEPRE
[2015-06-13 09:21:21] /sun/index.php?act=db&op=db&step=1 ( act=db&op=db ) 
ERR: Db Error: Table 'qdm163903679_db.TABLEPRE' doesn't exist
SHOW CREATE TABLE TABLEPRE
[2015-06-13 09:21:21] /sun/index.php?act=db&op=db&step=1 ( act=db&op=db ) 
ERR: Db Error: Table 'qdm163903679_db.TABLEPRE' doesn't exist
SHOW CREATE TABLE TABLEPRE
[2015-06-13 09:21:21] /sun/index.php?act=db&op=db&step=1 ( act=db&op=db ) 
ERR: Db Error: Table 'qdm163903679_db.TABLEPRE' doesn't exist
SHOW CREATE TABLE TABLEPRE
[2015-06-13 09:21:21] /sun/index.php?act=db&op=db&step=1 ( act=db&op=db ) 
ERR: Db Error: Table 'qdm163903679_db.TABLEPRE' doesn't exist
SHOW CREATE TABLE TABLEPRE
[2015-06-13 09:21:21] /sun/index.php?act=db&op=db&step=1 ( act=db&op=db ) 
ERR: Db Error: Table 'qdm163903679_db.TABLEPRE' doesn't exist
SHOW CREATE TABLE TABLEPRE
[2015-06-13 09:21:21] /sun/index.php?act=db&op=db&step=1 ( act=db&op=db ) 
ERR: Db Error: Table 'qdm163903679_db.TABLEPRE' doesn't exist
SHOW CREATE TABLE TABLEPRE
[2015-06-13 09:21:21] /sun/index.php?act=db&op=db&step=1 ( act=db&op=db ) 
ERR: Db Error: Table 'qdm163903679_db.TABLEPRE' doesn't exist
SHOW CREATE TABLE TABLEPRE
[2015-06-13 09:21:21] /sun/index.php?act=db&op=db&step=1 ( act=db&op=db ) 
ERR: Db Error: Table 'qdm163903679_db.TABLEPRE' doesn't exist
SHOW CREATE TABLE TABLEPRE
[2015-06-13 09:21:21] /sun/index.php?act=db&op=db&step=1 ( act=db&op=db ) 
ERR: Db Error: Table 'qdm163903679_db.TABLEPRE' doesn't exist
SHOW CREATE TABLE TABLEPRE
[2015-06-13 09:21:21] /sun/index.php?act=db&op=db&step=1 ( act=db&op=db ) 
ERR: Db Error: Table 'qdm163903679_db.TABLEPRE' doesn't exist
SHOW CREATE TABLE TABLEPRE
[2015-06-13 09:21:21] /sun/index.php?act=db&op=db&step=1 ( act=db&op=db ) 
ERR: Db Error: Table 'qdm163903679_db.TABLEPRE' doesn't exist
SHOW CREATE TABLE TABLEPRE
[2015-06-13 09:21:21] /sun/index.php?act=db&op=db&step=1 ( act=db&op=db ) 
ERR: Db Error: Table 'qdm163903679_db.TABLEPRE' doesn't exist
SHOW CREATE TABLE TABLEPRE
[2015-06-13 09:21:21] /sun/index.php?act=db&op=db&step=1 ( act=db&op=db ) 
ERR: Db Error: Table 'qdm163903679_db.TABLEPRE' doesn't exist
SHOW CREATE TABLE TABLEPRE
[2015-06-13 09:21:21] /sun/index.php?act=db&op=db&step=1 ( act=db&op=db ) 
ERR: Db Error: Table 'qdm163903679_db.TABLEPRE' doesn't exist
SHOW CREATE TABLE TABLEPRE
[2015-06-13 09:21:21] /sun/index.php?act=db&op=db&step=1 ( act=db&op=db ) 
ERR: Db Error: Table 'qdm163903679_db.TABLEPRE' doesn't exist
SHOW CREATE TABLE TABLEPRE
[2015-06-13 09:21:21] /sun/index.php?act=db&op=db&step=1 ( act=db&op=db ) 
ERR: Db Error: Table 'qdm163903679_db.TABLEPRE' doesn't exist
SHOW CREATE TABLE TABLEPRE
[2015-06-13 09:21:21] /sun/index.php?act=db&op=db&step=1 ( act=db&op=db ) 
ERR: Db Error: Table 'qdm163903679_db.TABLEPRE' doesn't exist
SHOW CREATE TABLE TABLEPRE
[2015-06-13 09:21:21] /sun/index.php?act=db&op=db&step=1 ( act=db&op=db ) 
ERR: Db Error: Table 'qdm163903679_db.TABLEPRE' doesn't exist
SHOW CREATE TABLE TABLEPRE
[2015-06-13 09:21:21] /sun/index.php?act=db&op=db&step=1 ( act=db&op=db ) 
ERR: Db Error: Table 'qdm163903679_db.TABLEPRE' doesn't exist
SHOW CREATE TABLE TABLEPRE
[2015-06-13 09:21:21] /sun/index.php?act=db&op=db&step=1 ( act=db&op=db ) 
ERR: Db Error: Table 'qdm163903679_db.TABLEPREge' doesn't exist
SHOW CREATE TABLE TABLEPREge
[2015-06-13 09:21:21] /sun/index.php?act=db&op=db&step=1 ( act=db&op=db ) 
ERR: Db Error: Table 'qdm163903679_db.TABLEPRE' doesn't exist
SHOW CREATE TABLE TABLEPRE
[2015-06-13 09:21:21] /sun/index.php?act=db&op=db&step=1 ( act=db&op=db ) 
ERR: Db Error: Table 'qdm163903679_db.TABLEPRE' doesn't exist
SHOW CREATE TABLE TABLEPRE
[2015-06-13 09:21:21] /sun/index.php?act=db&op=db&step=1 ( act=db&op=db ) 
ERR: Db Error: Table 'qdm163903679_db.TABLEPRE' doesn't exist
SHOW CREATE TABLE TABLEPRE
[2015-06-13 09:21:21] /sun/index.php?act=db&op=db&step=1 ( act=db&op=db ) 
ERR: Db Error: Table 'qdm163903679_db.TABLEPRE' doesn't exist
SHOW CREATE TABLE TABLEPRE
[2015-06-13 09:21:21] /sun/index.php?act=db&op=db&step=1 ( act=db&op=db ) 
ERR: Db Error: Table 'qdm163903679_db.TABLEPRE' doesn't exist
SHOW CREATE TABLE TABLEPRE
[2015-06-13 09:21:21] /sun/index.php?act=db&op=db&step=1 ( act=db&op=db ) 
ERR: Db Error: Table 'qdm163903679_db.TABLEPREe' doesn't exist
SHOW CREATE TABLE TABLEPREe
[2015-06-13 09:21:21] /sun/index.php?act=db&op=db&step=1 ( act=db&op=db ) 
ERR: Db Error: Table 'qdm163903679_db.TABLEPRE' doesn't exist
SHOW CREATE TABLE TABLEPRE
[2015-06-13 09:21:21] /sun/index.php?act=db&op=db&step=1 ( act=db&op=db ) 
ERR: Db Error: Table 'qdm163903679_db.TABLEPRE' doesn't exist
SHOW CREATE TABLE TABLEPRE
[2015-06-13 09:21:21] /sun/index.php?act=db&op=db&step=1 ( act=db&op=db ) 
ERR: Db Error: Table 'qdm163903679_db.TABLEPRE' doesn't exist
SHOW CREATE TABLE TABLEPRE
[2015-06-13 09:21:21] /sun/index.php?act=db&op=db&step=1 ( act=db&op=db ) 
ERR: Db Error: Table 'qdm163903679_db.TABLEPRE' doesn't exist
SHOW CREATE TABLE TABLEPRE
[2015-06-13 09:21:21] /sun/index.php?act=db&op=db&step=1 ( act=db&op=db ) 
ERR: Db Error: Table 'qdm163903679_db.TABLEPRE' doesn't exist
SHOW CREATE TABLE TABLEPRE
[2015-06-13 09:21:21] /sun/index.php?act=db&op=db&step=1 ( act=db&op=db ) 
ERR: Db Error: Table 'qdm163903679_db.TABLEPRE' doesn't exist
SHOW CREATE TABLE TABLEPRE
[2015-06-13 09:21:21] /sun/index.php?act=db&op=db&step=1 ( act=db&op=db ) 
ERR: Db Error: Table 'qdm163903679_db.TABLEPRE' doesn't exist
SHOW CREATE TABLE TABLEPRE
[2015-06-13 09:21:21] /sun/index.php?act=db&op=db&step=1 ( act=db&op=db ) 
ERR: Db Error: Table 'qdm163903679_db.TABLEPRE' doesn't exist
SHOW CREATE TABLE TABLEPRE
[2015-06-13 09:21:21] /sun/index.php?act=db&op=db&step=1 ( act=db&op=db ) 
ERR: Db Error: Table 'qdm163903679_db.TABLEPRE' doesn't exist
SHOW CREATE TABLE TABLEPRE
[2015-06-13 09:21:21] /sun/index.php?act=db&op=db&step=1 ( act=db&op=db ) 
ERR: Db Error: Table 'qdm163903679_db.TABLEPRE' doesn't exist
SHOW CREATE TABLE TABLEPRE
[2015-06-13 09:21:21] /sun/index.php?act=db&op=db&step=1 ( act=db&op=db ) 
ERR: Db Error: Table 'qdm163903679_db.TABLEPRE' doesn't exist
SHOW CREATE TABLE TABLEPRE
[2015-06-13 09:21:21] /sun/index.php?act=db&op=db&step=1 ( act=db&op=db ) 
ERR: Db Error: Table 'qdm163903679_db.TABLEPRE' doesn't exist
SHOW CREATE TABLE TABLEPRE
[2015-06-13 09:21:21] /sun/index.php?act=db&op=db&step=1 ( act=db&op=db ) 
ERR: Db Error: Table 'qdm163903679_db.TABLEPRE' doesn't exist
SHOW CREATE TABLE TABLEPRE
[2015-06-13 09:21:21] /sun/index.php?act=db&op=db&step=1 ( act=db&op=db ) 
ERR: Db Error: Table 'qdm163903679_db.TABLEPRE' doesn't exist
SHOW CREATE TABLE TABLEPRE
[2015-06-13 09:21:21] /sun/index.php?act=db&op=db&step=1 ( act=db&op=db ) 
ERR: Db Error: Table 'qdm163903679_db.TABLEPRE' doesn't exist
SHOW CREATE TABLE TABLEPRE
[2015-06-13 09:21:21] /sun/index.php?act=db&op=db&step=1 ( act=db&op=db ) 
ERR: Db Error: Table 'qdm163903679_db.TABLEPRE' doesn't exist
SHOW CREATE TABLE TABLEPRE
[2015-06-13 09:21:21] /sun/index.php?act=db&op=db&step=1 ( act=db&op=db ) 
ERR: Db Error: Table 'qdm163903679_db.TABLEPRE' doesn't exist
SHOW CREATE TABLE TABLEPRE
[2015-06-13 09:21:21] /sun/index.php?act=db&op=db&step=1 ( act=db&op=db ) 
ERR: Db Error: Table 'qdm163903679_db.TABLEPRE' doesn't exist
SHOW CREATE TABLE TABLEPRE
[2015-06-13 09:21:21] /sun/index.php?act=db&op=db&step=1 ( act=db&op=db ) 
ERR: Db Error: Table 'qdm163903679_db.TABLEPRE' doesn't exist
SHOW CREATE TABLE TABLEPRE
[2015-06-13 09:21:21] /sun/index.php?act=db&op=db&step=1 ( act=db&op=db ) 
ERR: Db Error: Table 'qdm163903679_db.TABLEPRE' doesn't exist
SHOW CREATE TABLE TABLEPRE
[2015-06-13 09:21:21] /sun/index.php?act=db&op=db&step=1 ( act=db&op=db ) 
ERR: Db Error: Table 'qdm163903679_db.TABLEPRE' doesn't exist
SHOW CREATE TABLE TABLEPRE
[2015-06-13 09:21:21] /sun/index.php?act=db&op=db&step=1 ( act=db&op=db ) 
ERR: Db Error: Table 'qdm163903679_db.TABLEPRE' doesn't exist
SHOW CREATE TABLE TABLEPRE
[2015-06-13 09:21:21] /sun/index.php?act=db&op=db&step=1 ( act=db&op=db ) 
ERR: Db Error: Table 'qdm163903679_db.TABLEPRE' doesn't exist
SHOW CREATE TABLE TABLEPRE
[2015-06-13 09:21:21] /sun/index.php?act=db&op=db&step=1 ( act=db&op=db ) 
ERR: Db Error: Table 'qdm163903679_db.TABLEPRE' doesn't exist
SHOW CREATE TABLE TABLEPRE
[2015-06-13 09:21:21] /sun/index.php?act=db&op=db&step=1 ( act=db&op=db ) 
ERR: Db Error: Table 'qdm163903679_db.TABLEPRE' doesn't exist
SHOW CREATE TABLE TABLEPRE
[2015-06-13 09:21:21] /sun/index.php?act=db&op=db&step=1 ( act=db&op=db ) 
ERR: Db Error: Table 'qdm163903679_db.TABLEPRE' doesn't exist
SHOW CREATE TABLE TABLEPRE
[2015-06-13 09:21:21] /sun/index.php?act=db&op=db&step=1 ( act=db&op=db ) 
ERR: Db Error: Table 'qdm163903679_db.TABLEPRE' doesn't exist
SHOW CREATE TABLE TABLEPRE
[2015-06-13 09:21:21] /sun/index.php?act=db&op=db&step=1 ( act=db&op=db ) 
ERR: Db Error: Table 'qdm163903679_db.TABLEPREon' doesn't exist
SHOW CREATE TABLE TABLEPREon
[2015-06-13 09:21:21] /sun/index.php?act=db&op=db&step=1 ( act=db&op=db ) 
ERR: Db Error: Table 'qdm163903679_db.TABLEPRE' doesn't exist
SHOW CREATE TABLE TABLEPRE
[2015-06-13 09:21:21] /sun/index.php?act=db&op=db&step=1 ( act=db&op=db ) 
ERR: Db Error: Table 'qdm163903679_db.TABLEPRE' doesn't exist
SHOW CREATE TABLE TABLEPRE
[2015-06-13 09:21:21] /sun/index.php?act=db&op=db&step=1 ( act=db&op=db ) 
ERR: Db Error: Table 'qdm163903679_db.TABLEPRE' doesn't exist
SHOW CREATE TABLE TABLEPRE
[2015-06-13 09:21:21] /sun/index.php?act=db&op=db&step=1 ( act=db&op=db ) 
ERR: Db Error: Table 'qdm163903679_db.TABLEPREss' doesn't exist
SHOW CREATE TABLE TABLEPREss
[2015-06-13 09:21:21] /sun/index.php?act=db&op=db&step=1 ( act=db&op=db ) 
ERR: Db Error: Table 'qdm163903679_db.TABLEPRE' doesn't exist
SHOW CREATE TABLE TABLEPRE
[2015-06-13 09:21:21] /sun/index.php?act=db&op=db&step=1 ( act=db&op=db ) 
ERR: Db Error: Table 'qdm163903679_db.TABLEPRE' doesn't exist
SHOW CREATE TABLE TABLEPRE
[2015-06-13 09:21:21] /sun/index.php?act=db&op=db&step=1 ( act=db&op=db ) 
ERR: Db Error: Table 'qdm163903679_db.TABLEPRE' doesn't exist
SHOW CREATE TABLE TABLEPRE
[2015-06-13 09:21:21] /sun/index.php?act=db&op=db&step=1 ( act=db&op=db ) 
ERR: Db Error: Table 'qdm163903679_db.TABLEPRE' doesn't exist
SHOW CREATE TABLE TABLEPRE
[2015-06-13 09:21:21] /sun/index.php?act=db&op=db&step=1 ( act=db&op=db ) 
ERR: Db Error: Table 'qdm163903679_db.TABLEPRE' doesn't exist
SHOW CREATE TABLE TABLEPRE
[2015-06-13 09:21:21] /sun/index.php?act=db&op=db&step=1 ( act=db&op=db ) 
ERR: Db Error: Table 'qdm163903679_db.TABLEPRE' doesn't exist
SHOW CREATE TABLE TABLEPRE
[2015-06-13 09:21:21] /sun/index.php?act=db&op=db&step=1 ( act=db&op=db ) 
ERR: Db Error: Table 'qdm163903679_db.TABLEPRE' doesn't exist
SHOW CREATE TABLE TABLEPRE
[2015-06-13 09:21:21] /sun/index.php?act=db&op=db&step=1 ( act=db&op=db ) 
ERR: Db Error: Table 'qdm163903679_db.TABLEPRE' doesn't exist
SHOW CREATE TABLE TABLEPRE
[2015-06-13 09:21:21] /sun/index.php?act=db&op=db&step=1 ( act=db&op=db ) 
ERR: Db Error: Table 'qdm163903679_db.TABLEPRE' doesn't exist
SHOW CREATE TABLE TABLEPRE
[2015-06-13 09:21:21] /sun/index.php?act=db&op=db&step=1 ( act=db&op=db ) 
ERR: Db Error: Table 'qdm163903679_db.TABLEPRE' doesn't exist
SHOW CREATE TABLE TABLEPRE
[2015-06-13 09:21:21] /sun/index.php?act=db&op=db&step=1 ( act=db&op=db ) 
ERR: Db Error: Table 'qdm163903679_db.TABLEPRE' doesn't exist
SHOW CREATE TABLE TABLEPRE
[2015-06-13 09:21:21] /sun/index.php?act=db&op=db&step=1 ( act=db&op=db ) 
ERR: Db Error: Table 'qdm163903679_db.TABLEPRE' doesn't exist
SHOW CREATE TABLE TABLEPRE
[2015-06-13 09:21:21] /sun/index.php?act=db&op=db&step=1 ( act=db&op=db ) 
ERR: Db Error: Table 'qdm163903679_db.TABLEPRE' doesn't exist
SHOW CREATE TABLE TABLEPRE
[2015-06-13 09:21:21] /sun/index.php?act=db&op=db&step=1 ( act=db&op=db ) 
ERR: Db Error: Table 'qdm163903679_db.TABLEPRE' doesn't exist
SHOW CREATE TABLE TABLEPRE
[2015-06-13 09:21:21] /sun/index.php?act=db&op=db&step=1 ( act=db&op=db ) 
ERR: Db Error: Table 'qdm163903679_db.TABLEPRE' doesn't exist
SHOW CREATE TABLE TABLEPRE
[2015-06-13 09:21:21] /sun/index.php?act=db&op=db&step=1 ( act=db&op=db ) 
ERR: Db Error: Table 'qdm163903679_db.TABLEPRE' doesn't exist
SHOW CREATE TABLE TABLEPRE
[2015-06-13 09:21:21] /sun/index.php?act=db&op=db&step=1 ( act=db&op=db ) 
ERR: Db Error: Table 'qdm163903679_db.TABLEPRE' doesn't exist
SHOW CREATE TABLE TABLEPRE
[2015-06-13 09:21:21] /sun/index.php?act=db&op=db&step=1 ( act=db&op=db ) 
ERR: Db Error: Table 'qdm163903679_db.TABLEPRE' doesn't exist
SHOW CREATE TABLE TABLEPRE
[2015-06-13 09:21:21] /sun/index.php?act=db&op=db&step=1 ( act=db&op=db ) 
ERR: Db Error: Table 'qdm163903679_db.TABLEPRE' doesn't exist
SHOW CREATE TABLE TABLEPRE
[2015-06-13 09:21:21] /sun/index.php?act=db&op=db&step=1 ( act=db&op=db ) 
ERR: Db Error: Table 'qdm163903679_db.TABLEPRE' doesn't exist
SHOW CREATE TABLE TABLEPRE
[2015-06-13 09:21:21] /sun/index.php?act=db&op=db&step=1 ( act=db&op=db ) 
ERR: Db Error: Table 'qdm163903679_db.TABLEPRE' doesn't exist
SHOW CREATE TABLE TABLEPRE
[2015-06-13 09:21:21] /sun/index.php?act=db&op=db&step=1 ( act=db&op=db ) 
ERR: Db Error: Table 'qdm163903679_db.TABLEPRE' doesn't exist
SHOW CREATE TABLE TABLEPRE
[2015-06-13 09:21:21] /sun/index.php?act=db&op=db&step=1 ( act=db&op=db ) 
ERR: Db Error: Table 'qdm163903679_db.TABLEPRE' doesn't exist
SHOW CREATE TABLE TABLEPRE
[2015-06-13 09:21:21] /sun/index.php?act=db&op=db&step=1 ( act=db&op=db ) 
ERR: Db Error: Table 'qdm163903679_db.TABLEPRE' doesn't exist
SHOW CREATE TABLE TABLEPRE
[2015-06-13 09:21:21] /sun/index.php?act=db&op=db&step=1 ( act=db&op=db ) 
ERR: Db Error: Table 'qdm163903679_db.TABLEPRE' doesn't exist
SHOW CREATE TABLE TABLEPRE
[2015-06-13 09:21:21] /sun/index.php?act=db&op=db&step=1 ( act=db&op=db ) 
ERR: Db Error: Table 'qdm163903679_db.TABLEPRE' doesn't exist
SHOW CREATE TABLE TABLEPRE
[2015-06-13 09:21:21] /sun/index.php?act=db&op=db&step=1 ( act=db&op=db ) 
ERR: Db Error: Table 'qdm163903679_db.TABLEPRE' doesn't exist
SHOW CREATE TABLE TABLEPRE
[2015-06-13 09:21:21] /sun/index.php?act=db&op=db&step=1 ( act=db&op=db ) 
ERR: Db Error: Table 'qdm163903679_db.TABLEPRE' doesn't exist
SHOW CREATE TABLE TABLEPRE
[2015-06-13 09:21:21] /sun/index.php?act=db&op=db&step=1 ( act=db&op=db ) 
ERR: Db Error: Table 'qdm163903679_db.TABLEPRE' doesn't exist
SHOW CREATE TABLE TABLEPRE
[2015-06-13 09:21:21] /sun/index.php?act=db&op=db&step=1 ( act=db&op=db ) 
ERR: Db Error: Table 'qdm163903679_db.TABLEPREs' doesn't exist
SHOW CREATE TABLE TABLEPREs
[2015-06-13 09:21:21] /sun/index.php?act=db&op=db&step=1 ( act=db&op=db ) 
ERR: Db Error: Table 'qdm163903679_db.TABLEPRE' doesn't exist
SHOW CREATE TABLE TABLEPRE
[2015-06-13 09:21:21] /sun/index.php?act=db&op=db&step=1 ( act=db&op=db ) 
ERR: Db Error: Table 'qdm163903679_db.TABLEPRE' doesn't exist
SHOW CREATE TABLE TABLEPRE
[2015-06-13 09:21:21] /sun/index.php?act=db&op=db&step=1 ( act=db&op=db ) 
ERR: Db Error: Table 'qdm163903679_db.TABLEPRE' doesn't exist
SHOW CREATE TABLE TABLEPRE
[2015-06-13 09:21:21] /sun/index.php?act=db&op=db&step=1 ( act=db&op=db ) 
ERR: Db Error: Table 'qdm163903679_db.TABLEPRE' doesn't exist
SHOW CREATE TABLE TABLEPRE
[2015-06-13 09:21:21] /sun/index.php?act=db&op=db&step=1 ( act=db&op=db ) 
ERR: Db Error: Table 'qdm163903679_db.TABLEPRE' doesn't exist
SHOW CREATE TABLE TABLEPRE
[2015-06-13 09:21:21] /sun/index.php?act=db&op=db&step=1 ( act=db&op=db ) 
ERR: Db Error: Table 'qdm163903679_db.TABLEPRE' doesn't exist
SHOW CREATE TABLE TABLEPRE
[2015-06-13 09:21:21] /sun/index.php?act=db&op=db&step=1 ( act=db&op=db ) 
ERR: Db Error: Table 'qdm163903679_db.TABLEPRE' doesn't exist
SHOW CREATE TABLE TABLEPRE
[2015-06-13 09:21:21] /sun/index.php?act=db&op=db&step=1 ( act=db&op=db ) 
ERR: Db Error: Table 'qdm163903679_db.TABLEPRE' doesn't exist
SHOW CREATE TABLE TABLEPRE
[2015-06-13 09:21:21] /sun/index.php?act=db&op=db&step=1 ( act=db&op=db ) 
ERR: Db Error: Table 'qdm163903679_db.TABLEPRE' doesn't exist
SHOW CREATE TABLE TABLEPRE
[2015-06-13 09:21:21] /sun/index.php?act=db&op=db&step=1 ( act=db&op=db ) 
ERR: Db Error: Table 'qdm163903679_db.TABLEPRE' doesn't exist
SHOW CREATE TABLE TABLEPRE
[2015-06-13 09:21:21] /sun/index.php?act=db&op=db&step=1 ( act=db&op=db ) 
ERR: Db Error: Table 'qdm163903679_db.TABLEPRE' doesn't exist
SHOW CREATE TABLE TABLEPRE
[2015-06-13 09:21:22] /sun/index.php?act=db&op=db&step=1 ( act=db&op=db ) 
ERR: Db Error: Table 'qdm163903679_db.TABLEPRE' doesn't exist
SHOW CREATE TABLE TABLEPRE
[2015-06-13 09:21:22] /sun/index.php?act=db&op=db&step=1 ( act=db&op=db ) 
ERR: Db Error: Table 'qdm163903679_db.TABLEPRE' doesn't exist
SHOW CREATE TABLE TABLEPRE
[2015-06-13 09:21:22] /sun/index.php?act=db&op=db&step=1 ( act=db&op=db ) 
ERR: Db Error: Table 'qdm163903679_db.TABLEPRE' doesn't exist
SHOW CREATE TABLE TABLEPRE
[2015-06-13 09:21:22] /sun/index.php?act=db&op=db&step=1 ( act=db&op=db ) 
ERR: Db Error: Table 'qdm163903679_db.TABLEPRE' doesn't exist
SHOW CREATE TABLE TABLEPRE
[2015-06-13 09:21:22] /sun/index.php?act=db&op=db&step=1 ( act=db&op=db ) 
ERR: Db Error: Table 'qdm163903679_db.TABLEPRE' doesn't exist
SHOW CREATE TABLE TABLEPRE
[2015-06-13 09:21:22] /sun/index.php?act=db&op=db&step=1 ( act=db&op=db ) 
ERR: Db Error: Table 'qdm163903679_db.TABLEPRE' doesn't exist
SHOW CREATE TABLE TABLEPRE
[2015-06-13 09:21:22] /sun/index.php?act=db&op=db&step=1 ( act=db&op=db ) 
ERR: Db Error: Table 'qdm163903679_db.TABLEPRE' doesn't exist
SHOW CREATE TABLE TABLEPRE
[2015-06-13 09:21:22] /sun/index.php?act=db&op=db&step=1 ( act=db&op=db ) 
ERR: Db Error: Table 'qdm163903679_db.TABLEPRE' doesn't exist
SHOW CREATE TABLE TABLEPRE
[2015-06-13 09:21:22] /sun/index.php?act=db&op=db&step=1 ( act=db&op=db ) 
ERR: Db Error: Table 'qdm163903679_db.TABLEPRE' doesn't exist
SHOW CREATE TABLE TABLEPRE
[2015-06-13 09:21:22] /sun/index.php?act=db&op=db&step=1 ( act=db&op=db ) 
ERR: Db Error: Table 'qdm163903679_db.TABLEPRE' doesn't exist
SHOW CREATE TABLE TABLEPRE
[2015-06-13 09:21:22] /sun/index.php?act=db&op=db&step=1 ( act=db&op=db ) 
ERR: Db Error: Table 'qdm163903679_db.TABLEPRE' doesn't exist
SHOW CREATE TABLE TABLEPRE
[2015-06-13 09:21:22] /sun/index.php?act=db&op=db&step=1 ( act=db&op=db ) 
ERR: Db Error: Table 'qdm163903679_db.TABLEPRE' doesn't exist
SHOW CREATE TABLE TABLEPRE
[2015-06-13 09:21:22] /sun/index.php?act=db&op=db&step=1 ( act=db&op=db ) 
ERR: Db Error: Table 'qdm163903679_db.TABLEPRE' doesn't exist
SHOW CREATE TABLE TABLEPRE
[2015-06-13 09:21:22] /sun/index.php?act=db&op=db&step=1 ( act=db&op=db ) 
ERR: Db Error: Table 'qdm163903679_db.TABLEPRE' doesn't exist
SHOW CREATE TABLE TABLEPRE
[2015-06-13 09:21:22] /sun/index.php?act=db&op=db&step=1 ( act=db&op=db ) 
ERR: Db Error: Table 'qdm163903679_db.TABLEPRE' doesn't exist
SHOW CREATE TABLE TABLEPRE
[2015-06-13 09:21:22] /sun/index.php?act=db&op=db&step=1 ( act=db&op=db ) 
ERR: Db Error: Table 'qdm163903679_db.TABLEPRE' doesn't exist
SHOW CREATE TABLE TABLEPRE
[2015-06-13 09:21:22] /sun/index.php?act=db&op=db&step=1 ( act=db&op=db ) 
ERR: Db Error: Table 'qdm163903679_db.TABLEPRE' doesn't exist
SHOW CREATE TABLE TABLEPRE
[2015-06-13 09:21:22] /sun/index.php?act=db&op=db&step=1 ( act=db&op=db ) 
ERR: Db Error: Table 'qdm163903679_db.TABLEPRE' doesn't exist
SHOW CREATE TABLE TABLEPRE
[2015-06-13 09:21:22] /sun/index.php?act=db&op=db&step=1 ( act=db&op=db ) 
ERR: Db Error: Table 'qdm163903679_db.TABLEPRE' doesn't exist
SHOW CREATE TABLE TABLEPRE
[2015-06-13 09:21:22] /sun/index.php?act=db&op=db&step=1 ( act=db&op=db ) 
ERR: Db Error: Table 'qdm163903679_db.TABLEPRE' doesn't exist
SHOW CREATE TABLE TABLEPRE
[2015-06-13 09:21:22] /sun/index.php?act=db&op=db&step=1 ( act=db&op=db ) 
ERR: Db Error: Table 'qdm163903679_db.TABLEPRE' doesn't exist
SHOW CREATE TABLE TABLEPRE
[2015-06-13 09:21:22] /sun/index.php?act=db&op=db&step=1 ( act=db&op=db ) 
ERR: Db Error: Table 'qdm163903679_db.TABLEPRE' doesn't exist
SHOW CREATE TABLE TABLEPRE
[2015-06-13 09:21:22] /sun/index.php?act=db&op=db&step=1 ( act=db&op=db ) 
ERR: Db Error: Table 'qdm163903679_db.TABLEPRE' doesn't exist
SHOW CREATE TABLE TABLEPRE
[2015-06-13 09:21:22] /sun/index.php?act=db&op=db&step=1 ( act=db&op=db ) 
ERR: Db Error: Table 'qdm163903679_db.TABLEPRE' doesn't exist
SHOW CREATE TABLE TABLEPRE
[2015-06-13 09:21:22] /sun/index.php?act=db&op=db&step=1 ( act=db&op=db ) 
ERR: Db Error: Table 'qdm163903679_db.TABLEPRE' doesn't exist
SHOW CREATE TABLE TABLEPRE
[2015-06-13 09:21:22] /sun/index.php?act=db&op=db&step=1 ( act=db&op=db ) 
ERR: Db Error: Table 'qdm163903679_db.TABLEPRElbum' doesn't exist
SHOW CREATE TABLE TABLEPRElbum
[2015-06-13 09:21:22] /sun/index.php?act=db&op=db&step=1 ( act=db&op=db ) 
ERR: Db Error: Table 'qdm163903679_db.TABLEPRElock' doesn't exist
SHOW CREATE TABLE TABLEPRElock
[2015-06-13 09:21:22] /sun/index.php?act=db&op=db&step=1 ( act=db&op=db ) 
ERR: Db Error: Table 'qdm163903679_db.TABLEPRE' doesn't exist
SHOW CREATE TABLE TABLEPRE
[2015-06-13 09:21:22] /sun/index.php?act=db&op=db&step=1 ( act=db&op=db ) 
ERR: Db Error: Table 'qdm163903679_db.TABLEPRE' doesn't exist
SHOW CREATE TABLE TABLEPRE
[2015-06-13 09:21:22] /sun/index.php?act=db&op=db&step=1 ( act=db&op=db ) 
ERR: Db Error: Table 'qdm163903679_db.TABLEPRE' doesn't exist
SHOW CREATE TABLE TABLEPRE
[2015-06-13 09:21:22] /sun/index.php?act=db&op=db&step=1 ( act=db&op=db ) 
ERR: Db Error: Table 'qdm163903679_db.TABLEPRE' doesn't exist
SHOW CREATE TABLE TABLEPRE
[2015-06-13 09:21:22] /sun/index.php?act=db&op=db&step=1 ( act=db&op=db ) 
ERR: Db Error: Table 'qdm163903679_db.TABLEPRE' doesn't exist
SHOW CREATE TABLE TABLEPRE
[2015-06-13 09:21:22] /sun/index.php?act=db&op=db&step=1 ( act=db&op=db ) 
ERR: Db Error: Table 'qdm163903679_db.TABLEPRE' doesn't exist
SHOW CREATE TABLE TABLEPRE
[2015-06-13 09:21:22] /sun/index.php?act=db&op=db&step=1 ( act=db&op=db ) 
ERR: Db Error: Table 'qdm163903679_db.TABLEPRE' doesn't exist
SHOW CREATE TABLE TABLEPRE
[2015-06-13 09:21:22] /sun/index.php?act=db&op=db&step=1 ( act=db&op=db ) 
ERR: Db Error: Table 'qdm163903679_db.TABLEPRE' doesn't exist
SHOW CREATE TABLE TABLEPRE
[2015-06-13 09:21:22] /sun/index.php?act=db&op=db&step=1 ( act=db&op=db ) 
ERR: Db Error: Table 'qdm163903679_db.TABLEPRE' doesn't exist
SHOW CREATE TABLE TABLEPRE
[2015-06-13 09:21:22] /sun/index.php?act=db&op=db&step=1 ( act=db&op=db ) 
ERR: Db Error: Table 'qdm163903679_db.TABLEPRE' doesn't exist
SHOW CREATE TABLE TABLEPRE
[2015-06-13 09:21:22] /sun/index.php?act=db&op=db&step=1 ( act=db&op=db ) 
ERR: Db Error: Table 'qdm163903679_db.TABLEPRE' doesn't exist
SHOW CREATE TABLE TABLEPRE
[2015-06-13 09:21:22] /sun/index.php?act=db&op=db&step=1 ( act=db&op=db ) 
ERR: Db Error: Table 'qdm163903679_db.TABLEPRE' doesn't exist
SHOW CREATE TABLE TABLEPRE
[2015-06-13 09:21:22] /sun/index.php?act=db&op=db&step=1 ( act=db&op=db ) 
ERR: Db Error: Table 'qdm163903679_db.TABLEPRE' doesn't exist
SHOW CREATE TABLE TABLEPRE
[2015-06-13 09:21:22] /sun/index.php?act=db&op=db&step=1 ( act=db&op=db ) 
ERR: Db Error: Table 'qdm163903679_db.TABLEPRE' doesn't exist
SHOW CREATE TABLE TABLEPRE
[2015-06-13 09:21:22] /sun/index.php?act=db&op=db&step=1 ( act=db&op=db ) 
ERR: Db Error: Table 'qdm163903679_db.TABLEPRE' doesn't exist
SHOW CREATE TABLE TABLEPRE
[2015-06-13 09:21:22] /sun/index.php?act=db&op=db&step=1 ( act=db&op=db ) 
ERR: Db Error: Table 'qdm163903679_db.TABLEPRE' doesn't exist
SHOW CREATE TABLE TABLEPRE
[2015-06-13 09:21:22] /sun/index.php?act=db&op=db&step=1 ( act=db&op=db ) 
ERR: Db Error: Table 'qdm163903679_db.TABLEPRE' doesn't exist
SHOW CREATE TABLE TABLEPRE
[2015-06-13 09:21:22] /sun/index.php?act=db&op=db&step=1 ( act=db&op=db ) 
ERR: Db Error: Table 'qdm163903679_db.TABLEPRE' doesn't exist
SHOW CREATE TABLE TABLEPRE
[2015-06-13 09:21:22] /sun/index.php?act=db&op=db&step=1 ( act=db&op=db ) 
ERR: Db Error: Table 'qdm163903679_db.TABLEPRE' doesn't exist
SHOW CREATE TABLE TABLEPRE
[2015-06-13 09:21:22] /sun/index.php?act=db&op=db&step=1 ( act=db&op=db ) 
ERR: Db Error: Table 'qdm163903679_db.TABLEPRE' doesn't exist
SHOW CREATE TABLE TABLEPRE
[2015-06-13 09:21:22] /sun/index.php?act=db&op=db&step=1 ( act=db&op=db ) 
ERR: Db Error: Table 'qdm163903679_db.TABLEPRE' doesn't exist
SHOW CREATE TABLE TABLEPRE
[2015-06-13 09:21:22] /sun/index.php?act=db&op=db&step=1 ( act=db&op=db ) 
ERR: Db Error: Table 'qdm163903679_db.TABLEPRE' doesn't exist
SHOW CREATE TABLE TABLEPRE
[2015-06-13 09:21:22] /sun/index.php?act=db&op=db&step=1 ( act=db&op=db ) 
ERR: Db Error: Table 'qdm163903679_db.TABLEPRE' doesn't exist
SHOW CREATE TABLE TABLEPRE
[2015-06-13 09:21:22] /sun/index.php?act=db&op=db&step=1 ( act=db&op=db ) 
ERR: Db Error: Table 'qdm163903679_db.TABLEPRE' doesn't exist
SHOW CREATE TABLE TABLEPRE
[2015-06-13 09:21:22] /sun/index.php?act=db&op=db&step=1 ( act=db&op=db ) 
ERR: Db Error: Table 'qdm163903679_db.TABLEPRE' doesn't exist
SHOW CREATE TABLE TABLEPRE
[2015-06-13 09:21:22] /sun/index.php?act=db&op=db&step=1 ( act=db&op=db ) 
ERR: Db Error: Table 'qdm163903679_db.TABLEPRE' doesn't exist
SHOW CREATE TABLE TABLEPRE
[2015-06-13 09:21:22] /sun/index.php?act=db&op=db&step=1 ( act=db&op=db ) 
ERR: Db Error: Table 'qdm163903679_db.TABLEPRE' doesn't exist
SHOW CREATE TABLE TABLEPRE
[2015-06-13 09:21:22] /sun/index.php?act=db&op=db&step=1 ( act=db&op=db ) 
ERR: Db Error: Table 'qdm163903679_db.TABLEPRE' doesn't exist
SHOW CREATE TABLE TABLEPRE
[2015-06-13 09:21:22] /sun/index.php?act=db&op=db&step=1 ( act=db&op=db ) 
ERR: Db Error: Table 'qdm163903679_db.TABLEPRE' doesn't exist
SHOW CREATE TABLE TABLEPRE
[2015-06-13 09:21:22] /sun/index.php?act=db&op=db&step=1 ( act=db&op=db ) 
ERR: Db Error: Table 'qdm163903679_db.TABLEPRE' doesn't exist
SHOW CREATE TABLE TABLEPRE
[2015-06-13 09:21:22] /sun/index.php?act=db&op=db&step=1 ( act=db&op=db ) 
ERR: Db Error: Table 'qdm163903679_db.TABLEPRE' doesn't exist
SHOW CREATE TABLE TABLEPRE
[2015-06-13 09:21:22] /sun/index.php?act=db&op=db&step=1 ( act=db&op=db ) 
ERR: Db Error: Table 'qdm163903679_db.TABLEPRE' doesn't exist
SHOW CREATE TABLE TABLEPRE
[2015-06-13 09:21:22] /sun/index.php?act=db&op=db&step=1 ( act=db&op=db ) 
ERR: Db Error: Table 'qdm163903679_db.TABLEPRE' doesn't exist
SHOW CREATE TABLE TABLEPRE
[2015-06-13 09:21:22] /sun/index.php?act=db&op=db&step=1 ( act=db&op=db ) 
ERR: Db Error: Table 'qdm163903679_db.TABLEPRE' doesn't exist
SHOW CREATE TABLE TABLEPRE
[2015-06-13 09:21:22] /sun/index.php?act=db&op=db&step=1 ( act=db&op=db ) 
ERR: Db Error: Table 'qdm163903679_db.TABLEPRE' doesn't exist
SHOW CREATE TABLE TABLEPRE
[2015-06-13 09:21:22] /sun/index.php?act=db&op=db&step=1 ( act=db&op=db ) 
ERR: Db Error: Table 'qdm163903679_db.TABLEPRE' doesn't exist
SHOW CREATE TABLE TABLEPRE
[2015-06-13 09:21:22] /sun/index.php?act=db&op=db&step=1 ( act=db&op=db ) 
ERR: Db Error: Table 'qdm163903679_db.TABLEPRE' doesn't exist
SHOW CREATE TABLE TABLEPRE
[2015-06-13 09:21:24] /sun/index.php?act=db&op=db&step=2 ( act=db&op=db ) 
ERR: Db Error: Table 'qdm163903679_db.shopnc_' doesn't exist
SELECT * FROM `qdm163903679_db`.`shopnc_` as ``   limit 0,300
[2015-06-13 09:21:24] /sun/index.php?act=db&op=db&step=2 ( act=db&op=db ) 
ERR: Db Error: Table 'qdm163903679_db.shopnc_' doesn't exist
SELECT * FROM `qdm163903679_db`.`shopnc_` as ``   limit 0,300
[2015-06-13 09:21:24] /sun/index.php?act=db&op=db&step=2 ( act=db&op=db ) 
ERR: Db Error: Table 'qdm163903679_db.shopnc_' doesn't exist
SELECT * FROM `qdm163903679_db`.`shopnc_` as ``   limit 0,300
[2015-06-13 09:21:24] /sun/index.php?act=db&op=db&step=2 ( act=db&op=db ) 
ERR: Db Error: Table 'qdm163903679_db.shopnc_' doesn't exist
SELECT * FROM `qdm163903679_db`.`shopnc_` as ``   limit 0,300
[2015-06-13 09:21:24] /sun/index.php?act=db&op=db&step=2 ( act=db&op=db ) 
ERR: Db Error: Table 'qdm163903679_db.shopnc_' doesn't exist
SELECT * FROM `qdm163903679_db`.`shopnc_` as ``   limit 0,300
[2015-06-13 09:21:24] /sun/index.php?act=db&op=db&step=2 ( act=db&op=db ) 
ERR: Db Error: Table 'qdm163903679_db.shopnc_' doesn't exist
SELECT * FROM `qdm163903679_db`.`shopnc_` as ``   limit 0,300
[2015-06-13 09:21:24] /sun/index.php?act=db&op=db&step=2 ( act=db&op=db ) 
ERR: Db Error: Table 'qdm163903679_db.shopnc_' doesn't exist
SELECT * FROM `qdm163903679_db`.`shopnc_` as ``   limit 0,300
[2015-06-13 09:21:24] /sun/index.php?act=db&op=db&step=2 ( act=db&op=db ) 
ERR: Db Error: Table 'qdm163903679_db.shopnc_' doesn't exist
SELECT * FROM `qdm163903679_db`.`shopnc_` as ``   limit 0,300
[2015-06-13 09:21:24] /sun/index.php?act=db&op=db&step=2 ( act=db&op=db ) 
ERR: Db Error: Table 'qdm163903679_db.shopnc_' doesn't exist
SELECT * FROM `qdm163903679_db`.`shopnc_` as ``   limit 0,300
[2015-06-13 09:21:24] /sun/index.php?act=db&op=db&step=2 ( act=db&op=db ) 
ERR: Db Error: Table 'qdm163903679_db.shopnc_' doesn't exist
SELECT * FROM `qdm163903679_db`.`shopnc_` as ``   limit 0,300
[2015-06-13 09:21:24] /sun/index.php?act=db&op=db&step=2 ( act=db&op=db ) 
ERR: Db Error: Table 'qdm163903679_db.shopnc_' doesn't exist
SELECT * FROM `qdm163903679_db`.`shopnc_` as ``   limit 0,300
[2015-06-13 09:21:24] /sun/index.php?act=db&op=db&step=2 ( act=db&op=db ) 
ERR: Db Error: Table 'qdm163903679_db.shopnc_' doesn't exist
SELECT * FROM `qdm163903679_db`.`shopnc_` as ``   limit 0,300
[2015-06-13 09:21:24] /sun/index.php?act=db&op=db&step=2 ( act=db&op=db ) 
ERR: Db Error: Table 'qdm163903679_db.shopnc_' doesn't exist
SELECT * FROM `qdm163903679_db`.`shopnc_` as ``   limit 0,300
[2015-06-13 09:21:24] /sun/index.php?act=db&op=db&step=2 ( act=db&op=db ) 
ERR: Db Error: Table 'qdm163903679_db.shopnc_' doesn't exist
SELECT * FROM `qdm163903679_db`.`shopnc_` as ``   limit 0,300
[2015-06-13 09:21:24] /sun/index.php?act=db&op=db&step=2 ( act=db&op=db ) 
ERR: Db Error: Table 'qdm163903679_db.shopnc_' doesn't exist
SELECT * FROM `qdm163903679_db`.`shopnc_` as ``   limit 0,300
[2015-06-13 09:21:24] /sun/index.php?act=db&op=db&step=2 ( act=db&op=db ) 
ERR: Db Error: Table 'qdm163903679_db.shopnc_' doesn't exist
SELECT * FROM `qdm163903679_db`.`shopnc_` as ``   limit 0,300
[2015-06-13 09:21:24] /sun/index.php?act=db&op=db&step=2 ( act=db&op=db ) 
ERR: Db Error: Table 'qdm163903679_db.shopnc_' doesn't exist
SELECT * FROM `qdm163903679_db`.`shopnc_` as ``   limit 0,300
[2015-06-13 09:21:24] /sun/index.php?act=db&op=db&step=2 ( act=db&op=db ) 
ERR: Db Error: Table 'qdm163903679_db.shopnc_' doesn't exist
SELECT * FROM `qdm163903679_db`.`shopnc_` as ``   limit 0,300
[2015-06-13 09:21:24] /sun/index.php?act=db&op=db&step=2 ( act=db&op=db ) 
ERR: Db Error: Table 'qdm163903679_db.shopnc_' doesn't exist
SELECT * FROM `qdm163903679_db`.`shopnc_` as ``   limit 0,300
[2015-06-13 09:21:24] /sun/index.php?act=db&op=db&step=2 ( act=db&op=db ) 
ERR: Db Error: Table 'qdm163903679_db.shopnc_' doesn't exist
SELECT * FROM `qdm163903679_db`.`shopnc_` as ``   limit 0,300
[2015-06-13 09:21:24] /sun/index.php?act=db&op=db&step=2 ( act=db&op=db ) 
ERR: Db Error: Table 'qdm163903679_db.shopnc_' doesn't exist
SELECT * FROM `qdm163903679_db`.`shopnc_` as ``   limit 0,300
[2015-06-13 09:21:24] /sun/index.php?act=db&op=db&step=2 ( act=db&op=db ) 
ERR: Db Error: Table 'qdm163903679_db.shopnc_' doesn't exist
SELECT * FROM `qdm163903679_db`.`shopnc_` as ``   limit 0,300
[2015-06-13 09:21:24] /sun/index.php?act=db&op=db&step=2 ( act=db&op=db ) 
ERR: Db Error: Table 'qdm163903679_db.shopnc_' doesn't exist
SELECT * FROM `qdm163903679_db`.`shopnc_` as ``   limit 0,300
[2015-06-13 09:21:24] /sun/index.php?act=db&op=db&step=2 ( act=db&op=db ) 
ERR: Db Error: Table 'qdm163903679_db.shopnc_' doesn't exist
SELECT * FROM `qdm163903679_db`.`shopnc_` as ``   limit 0,300
[2015-06-13 09:21:24] /sun/index.php?act=db&op=db&step=2 ( act=db&op=db ) 
ERR: Db Error: Table 'qdm163903679_db.shopnc_' doesn't exist
SELECT * FROM `qdm163903679_db`.`shopnc_` as ``   limit 0,300
[2015-06-13 09:21:24] /sun/index.php?act=db&op=db&step=2 ( act=db&op=db ) 
ERR: Db Error: Table 'qdm163903679_db.shopnc_' doesn't exist
SELECT * FROM `qdm163903679_db`.`shopnc_` as ``   limit 0,300
[2015-06-13 09:21:24] /sun/index.php?act=db&op=db&step=2 ( act=db&op=db ) 
ERR: Db Error: Table 'qdm163903679_db.shopnc_' doesn't exist
SELECT * FROM `qdm163903679_db`.`shopnc_` as ``   limit 0,300
[2015-06-13 09:21:24] /sun/index.php?act=db&op=db&step=2 ( act=db&op=db ) 
ERR: Db Error: Table 'qdm163903679_db.shopnc_' doesn't exist
SELECT * FROM `qdm163903679_db`.`shopnc_` as ``   limit 0,300
[2015-06-13 09:21:24] /sun/index.php?act=db&op=db&step=2 ( act=db&op=db ) 
ERR: Db Error: Table 'qdm163903679_db.shopnc_' doesn't exist
SELECT * FROM `qdm163903679_db`.`shopnc_` as ``   limit 0,300
[2015-06-13 09:21:24] /sun/index.php?act=db&op=db&step=2 ( act=db&op=db ) 
ERR: Db Error: Table 'qdm163903679_db.shopnc_' doesn't exist
SELECT * FROM `qdm163903679_db`.`shopnc_` as ``   limit 0,300
[2015-06-13 09:21:24] /sun/index.php?act=db&op=db&step=2 ( act=db&op=db ) 
ERR: Db Error: Table 'qdm163903679_db.shopnc_' doesn't exist
SELECT * FROM `qdm163903679_db`.`shopnc_` as ``   limit 0,300
[2015-06-13 09:21:24] /sun/index.php?act=db&op=db&step=2 ( act=db&op=db ) 
ERR: Db Error: Table 'qdm163903679_db.shopnc_' doesn't exist
SELECT * FROM `qdm163903679_db`.`shopnc_` as ``   limit 0,300
[2015-06-13 09:21:24] /sun/index.php?act=db&op=db&step=2 ( act=db&op=db ) 
ERR: Db Error: Table 'qdm163903679_db.shopnc_' doesn't exist
SELECT * FROM `qdm163903679_db`.`shopnc_` as ``   limit 0,300
[2015-06-13 09:21:24] /sun/index.php?act=db&op=db&step=2 ( act=db&op=db ) 
ERR: Db Error: Table 'qdm163903679_db.shopnc_' doesn't exist
SELECT * FROM `qdm163903679_db`.`shopnc_` as ``   limit 0,300
[2015-06-13 09:21:24] /sun/index.php?act=db&op=db&step=2 ( act=db&op=db ) 
ERR: Db Error: Table 'qdm163903679_db.shopnc_' doesn't exist
SELECT * FROM `qdm163903679_db`.`shopnc_` as ``   limit 0,300
[2015-06-13 09:21:24] /sun/index.php?act=db&op=db&step=2 ( act=db&op=db ) 
ERR: Db Error: Table 'qdm163903679_db.shopnc_' doesn't exist
SELECT * FROM `qdm163903679_db`.`shopnc_` as ``   limit 0,300
[2015-06-13 09:21:24] /sun/index.php?act=db&op=db&step=2 ( act=db&op=db ) 
ERR: Db Error: Table 'qdm163903679_db.shopnc_' doesn't exist
SELECT * FROM `qdm163903679_db`.`shopnc_` as ``   limit 0,300
[2015-06-13 09:21:24] /sun/index.php?act=db&op=db&step=2 ( act=db&op=db ) 
ERR: Db Error: Table 'qdm163903679_db.shopnc_' doesn't exist
SELECT * FROM `qdm163903679_db`.`shopnc_` as ``   limit 0,300
[2015-06-13 09:21:24] /sun/index.php?act=db&op=db&step=2 ( act=db&op=db ) 
ERR: Db Error: Table 'qdm163903679_db.shopnc_' doesn't exist
SELECT * FROM `qdm163903679_db`.`shopnc_` as ``   limit 0,300
[2015-06-13 09:21:24] /sun/index.php?act=db&op=db&step=2 ( act=db&op=db ) 
ERR: Db Error: Table 'qdm163903679_db.shopnc_n' doesn't exist
SELECT * FROM `qdm163903679_db`.`shopnc_n` as `n`   limit 0,300
[2015-06-13 09:21:24] /sun/index.php?act=db&op=db&step=2 ( act=db&op=db ) 
ERR: Db Error: Table 'qdm163903679_db.shopnc_' doesn't exist
SELECT * FROM `qdm163903679_db`.`shopnc_` as ``   limit 0,300
[2015-06-13 09:21:24] /sun/index.php?act=db&op=db&step=2 ( act=db&op=db ) 
ERR: Db Error: Table 'qdm163903679_db.shopnc_' doesn't exist
SELECT * FROM `qdm163903679_db`.`shopnc_` as ``   limit 0,300
[2015-06-13 09:21:24] /sun/index.php?act=db&op=db&step=2 ( act=db&op=db ) 
ERR: Db Error: Table 'qdm163903679_db.shopnc_' doesn't exist
SELECT * FROM `qdm163903679_db`.`shopnc_` as ``   limit 0,300
[2015-06-13 09:21:24] /sun/index.php?act=db&op=db&step=2 ( act=db&op=db ) 
ERR: Db Error: Table 'qdm163903679_db.shopnc_de' doesn't exist
SELECT * FROM `qdm163903679_db`.`shopnc_de` as `de`   limit 0,300
[2015-06-13 09:21:24] /sun/index.php?act=db&op=db&step=2 ( act=db&op=db ) 
ERR: Db Error: Table 'qdm163903679_db.shopnc_' doesn't exist
SELECT * FROM `qdm163903679_db`.`shopnc_` as ``   limit 0,300
[2015-06-13 09:21:24] /sun/index.php?act=db&op=db&step=2 ( act=db&op=db ) 
ERR: Db Error: Table 'qdm163903679_db.shopnc_' doesn't exist
SELECT * FROM `qdm163903679_db`.`shopnc_` as ``   limit 0,300
[2015-06-13 09:21:24] /sun/index.php?act=db&op=db&step=2 ( act=db&op=db ) 
ERR: Db Error: Table 'qdm163903679_db.shopnc_' doesn't exist
SELECT * FROM `qdm163903679_db`.`shopnc_` as ``   limit 0,300
[2015-06-13 09:21:24] /sun/index.php?act=db&op=db&step=2 ( act=db&op=db ) 
ERR: Db Error: Table 'qdm163903679_db.shopnc_' doesn't exist
SELECT * FROM `qdm163903679_db`.`shopnc_` as ``   limit 0,300
[2015-06-13 09:21:24] /sun/index.php?act=db&op=db&step=2 ( act=db&op=db ) 
ERR: Db Error: Table 'qdm163903679_db.shopnc_' doesn't exist
SELECT * FROM `qdm163903679_db`.`shopnc_` as ``   limit 0,300
[2015-06-13 09:21:24] /sun/index.php?act=db&op=db&step=2 ( act=db&op=db ) 
ERR: Db Error: Table 'qdm163903679_db.shopnc_y' doesn't exist
SELECT * FROM `qdm163903679_db`.`shopnc_y` as `y`   limit 0,300
[2015-06-13 09:21:24] /sun/index.php?act=db&op=db&step=2 ( act=db&op=db ) 
ERR: Db Error: Table 'qdm163903679_db.shopnc_' doesn't exist
SELECT * FROM `qdm163903679_db`.`shopnc_` as ``   limit 0,300
[2015-06-13 09:21:24] /sun/index.php?act=db&op=db&step=2 ( act=db&op=db ) 
ERR: Db Error: Table 'qdm163903679_db.shopnc_' doesn't exist
SELECT * FROM `qdm163903679_db`.`shopnc_` as ``   limit 0,300
[2015-06-13 09:21:24] /sun/index.php?act=db&op=db&step=2 ( act=db&op=db ) 
ERR: Db Error: Table 'qdm163903679_db.shopnc_' doesn't exist
SELECT * FROM `qdm163903679_db`.`shopnc_` as ``   limit 0,300
[2015-06-13 09:21:24] /sun/index.php?act=db&op=db&step=2 ( act=db&op=db ) 
ERR: Db Error: Table 'qdm163903679_db.shopnc_' doesn't exist
SELECT * FROM `qdm163903679_db`.`shopnc_` as ``   limit 0,300
[2015-06-13 09:21:24] /sun/index.php?act=db&op=db&step=2 ( act=db&op=db ) 
ERR: Db Error: Table 'qdm163903679_db.shopnc_' doesn't exist
SELECT * FROM `qdm163903679_db`.`shopnc_` as ``   limit 0,300
[2015-06-13 09:21:24] /sun/index.php?act=db&op=db&step=2 ( act=db&op=db ) 
ERR: Db Error: Table 'qdm163903679_db.shopnc_' doesn't exist
SELECT * FROM `qdm163903679_db`.`shopnc_` as ``   limit 0,300
[2015-06-13 09:21:24] /sun/index.php?act=db&op=db&step=2 ( act=db&op=db ) 
ERR: Db Error: Table 'qdm163903679_db.shopnc_' doesn't exist
SELECT * FROM `qdm163903679_db`.`shopnc_` as ``   limit 0,300
[2015-06-13 09:21:24] /sun/index.php?act=db&op=db&step=2 ( act=db&op=db ) 
ERR: Db Error: Table 'qdm163903679_db.shopnc_' doesn't exist
SELECT * FROM `qdm163903679_db`.`shopnc_` as ``   limit 0,300
[2015-06-13 09:21:24] /sun/index.php?act=db&op=db&step=2 ( act=db&op=db ) 
ERR: Db Error: Table 'qdm163903679_db.shopnc_' doesn't exist
SELECT * FROM `qdm163903679_db`.`shopnc_` as ``   limit 0,300
[2015-06-13 09:21:24] /sun/index.php?act=db&op=db&step=2 ( act=db&op=db ) 
ERR: Db Error: Table 'qdm163903679_db.shopnc_' doesn't exist
SELECT * FROM `qdm163903679_db`.`shopnc_` as ``   limit 0,300
[2015-06-13 09:21:24] /sun/index.php?act=db&op=db&step=2 ( act=db&op=db ) 
ERR: Db Error: Table 'qdm163903679_db.shopnc_' doesn't exist
SELECT * FROM `qdm163903679_db`.`shopnc_` as ``   limit 0,300
[2015-06-13 09:21:24] /sun/index.php?act=db&op=db&step=2 ( act=db&op=db ) 
ERR: Db Error: Table 'qdm163903679_db.shopnc_' doesn't exist
SELECT * FROM `qdm163903679_db`.`shopnc_` as ``   limit 0,300
[2015-06-13 09:21:24] /sun/index.php?act=db&op=db&step=2 ( act=db&op=db ) 
ERR: Db Error: Table 'qdm163903679_db.shopnc_' doesn't exist
SELECT * FROM `qdm163903679_db`.`shopnc_` as ``   limit 0,300
[2015-06-13 09:21:24] /sun/index.php?act=db&op=db&step=2 ( act=db&op=db ) 
ERR: Db Error: Table 'qdm163903679_db.shopnc_' doesn't exist
SELECT * FROM `qdm163903679_db`.`shopnc_` as ``   limit 0,300
[2015-06-13 09:21:24] /sun/index.php?act=db&op=db&step=2 ( act=db&op=db ) 
ERR: Db Error: Table 'qdm163903679_db.shopnc_' doesn't exist
SELECT * FROM `qdm163903679_db`.`shopnc_` as ``   limit 0,300
[2015-06-13 09:21:24] /sun/index.php?act=db&op=db&step=2 ( act=db&op=db ) 
ERR: Db Error: Table 'qdm163903679_db.shopnc_' doesn't exist
SELECT * FROM `qdm163903679_db`.`shopnc_` as ``   limit 0,300
[2015-06-13 09:21:24] /sun/index.php?act=db&op=db&step=2 ( act=db&op=db ) 
ERR: Db Error: Table 'qdm163903679_db.shopnc_' doesn't exist
SELECT * FROM `qdm163903679_db`.`shopnc_` as ``   limit 0,300
[2015-06-13 09:21:24] /sun/index.php?act=db&op=db&step=2 ( act=db&op=db ) 
ERR: Db Error: Table 'qdm163903679_db.shopnc_' doesn't exist
SELECT * FROM `qdm163903679_db`.`shopnc_` as ``   limit 0,300
[2015-06-13 09:21:24] /sun/index.php?act=db&op=db&step=2 ( act=db&op=db ) 
ERR: Db Error: Table 'qdm163903679_db.shopnc_' doesn't exist
SELECT * FROM `qdm163903679_db`.`shopnc_` as ``   limit 0,300
[2015-06-13 09:21:24] /sun/index.php?act=db&op=db&step=2 ( act=db&op=db ) 
ERR: Db Error: Table 'qdm163903679_db.shopnc_' doesn't exist
SELECT * FROM `qdm163903679_db`.`shopnc_` as ``   limit 0,300
[2015-06-13 09:21:24] /sun/index.php?act=db&op=db&step=2 ( act=db&op=db ) 
ERR: Db Error: Table 'qdm163903679_db.shopnc_' doesn't exist
SELECT * FROM `qdm163903679_db`.`shopnc_` as ``   limit 0,300
[2015-06-13 09:21:24] /sun/index.php?act=db&op=db&step=2 ( act=db&op=db ) 
ERR: Db Error: Table 'qdm163903679_db.shopnc_' doesn't exist
SELECT * FROM `qdm163903679_db`.`shopnc_` as ``   limit 0,300
[2015-06-13 09:21:24] /sun/index.php?act=db&op=db&step=2 ( act=db&op=db ) 
ERR: Db Error: Table 'qdm163903679_db.shopnc_' doesn't exist
SELECT * FROM `qdm163903679_db`.`shopnc_` as ``   limit 0,300
[2015-06-13 09:21:24] /sun/index.php?act=db&op=db&step=2 ( act=db&op=db ) 
ERR: Db Error: Table 'qdm163903679_db.shopnc_' doesn't exist
SELECT * FROM `qdm163903679_db`.`shopnc_` as ``   limit 0,300
[2015-06-13 09:21:24] /sun/index.php?act=db&op=db&step=2 ( act=db&op=db ) 
ERR: Db Error: Table 'qdm163903679_db.shopnc_' doesn't exist
SELECT * FROM `qdm163903679_db`.`shopnc_` as ``   limit 0,300
[2015-06-13 09:21:24] /sun/index.php?act=db&op=db&step=2 ( act=db&op=db ) 
ERR: Db Error: Table 'qdm163903679_db.shopnc_' doesn't exist
SELECT * FROM `qdm163903679_db`.`shopnc_` as ``   limit 0,300
[2015-06-13 09:21:24] /sun/index.php?act=db&op=db&step=2 ( act=db&op=db ) 
ERR: Db Error: Table 'qdm163903679_db.shopnc_' doesn't exist
SELECT * FROM `qdm163903679_db`.`shopnc_` as ``   limit 0,300
[2015-06-13 09:21:24] /sun/index.php?act=db&op=db&step=2 ( act=db&op=db ) 
ERR: Db Error: Table 'qdm163903679_db.shopnc_' doesn't exist
SELECT * FROM `qdm163903679_db`.`shopnc_` as ``   limit 0,300
[2015-06-13 09:21:24] /sun/index.php?act=db&op=db&step=2 ( act=db&op=db ) 
ERR: Db Error: Table 'qdm163903679_db.shopnc_' doesn't exist
SELECT * FROM `qdm163903679_db`.`shopnc_` as ``   limit 0,300
[2015-06-13 09:21:24] /sun/index.php?act=db&op=db&step=2 ( act=db&op=db ) 
ERR: Db Error: Table 'qdm163903679_db.shopnc_' doesn't exist
SELECT * FROM `qdm163903679_db`.`shopnc_` as ``   limit 0,300
[2015-06-13 09:21:24] /sun/index.php?act=db&op=db&step=2 ( act=db&op=db ) 
ERR: Db Error: Table 'qdm163903679_db.shopnc_' doesn't exist
SELECT * FROM `qdm163903679_db`.`shopnc_` as ``   limit 0,300
[2015-06-13 09:21:24] /sun/index.php?act=db&op=db&step=2 ( act=db&op=db ) 
ERR: Db Error: Table 'qdm163903679_db.shopnc_' doesn't exist
SELECT * FROM `qdm163903679_db`.`shopnc_` as ``   limit 0,300
[2015-06-13 09:21:24] /sun/index.php?act=db&op=db&step=2 ( act=db&op=db ) 
ERR: Db Error: Table 'qdm163903679_db.shopnc_' doesn't exist
SELECT * FROM `qdm163903679_db`.`shopnc_` as ``   limit 0,300
[2015-06-13 09:21:24] /sun/index.php?act=db&op=db&step=2 ( act=db&op=db ) 
ERR: Db Error: Table 'qdm163903679_db.shopnc_' doesn't exist
SELECT * FROM `qdm163903679_db`.`shopnc_` as ``   limit 0,300
[2015-06-13 09:21:24] /sun/index.php?act=db&op=db&step=2 ( act=db&op=db ) 
ERR: Db Error: Table 'qdm163903679_db.shopnc_' doesn't exist
SELECT * FROM `qdm163903679_db`.`shopnc_` as ``   limit 0,300
[2015-06-13 09:21:24] /sun/index.php?act=db&op=db&step=2 ( act=db&op=db ) 
ERR: Db Error: Table 'qdm163903679_db.shopnc_' doesn't exist
SELECT * FROM `qdm163903679_db`.`shopnc_` as ``   limit 0,300
[2015-06-13 09:21:24] /sun/index.php?act=db&op=db&step=2 ( act=db&op=db ) 
ERR: Db Error: Table 'qdm163903679_db.shopnc_' doesn't exist
SELECT * FROM `qdm163903679_db`.`shopnc_` as ``   limit 0,300
[2015-06-13 09:21:24] /sun/index.php?act=db&op=db&step=2 ( act=db&op=db ) 
ERR: Db Error: Table 'qdm163903679_db.shopnc_' doesn't exist
SELECT * FROM `qdm163903679_db`.`shopnc_` as ``   limit 0,300
[2015-06-13 09:21:24] /sun/index.php?act=db&op=db&step=2 ( act=db&op=db ) 
ERR: Db Error: Table 'qdm163903679_db.shopnc_' doesn't exist
SELECT * FROM `qdm163903679_db`.`shopnc_` as ``   limit 0,300
[2015-06-13 09:21:24] /sun/index.php?act=db&op=db&step=2 ( act=db&op=db ) 
ERR: Db Error: Table 'qdm163903679_db.shopnc_' doesn't exist
SELECT * FROM `qdm163903679_db`.`shopnc_` as ``   limit 0,300
[2015-06-13 09:21:24] /sun/index.php?act=db&op=db&step=2 ( act=db&op=db ) 
ERR: Db Error: Table 'qdm163903679_db.shopnc_' doesn't exist
SELECT * FROM `qdm163903679_db`.`shopnc_` as ``   limit 0,300
[2015-06-13 09:21:24] /sun/index.php?act=db&op=db&step=2 ( act=db&op=db ) 
ERR: Db Error: Table 'qdm163903679_db.shopnc_' doesn't exist
SELECT * FROM `qdm163903679_db`.`shopnc_` as ``   limit 0,300
[2015-06-13 09:21:24] /sun/index.php?act=db&op=db&step=2 ( act=db&op=db ) 
ERR: Db Error: Table 'qdm163903679_db.shopnc_' doesn't exist
SELECT * FROM `qdm163903679_db`.`shopnc_` as ``   limit 0,300
[2015-06-13 09:21:24] /sun/index.php?act=db&op=db&step=2 ( act=db&op=db ) 
ERR: Db Error: Table 'qdm163903679_db.shopnc_' doesn't exist
SELECT * FROM `qdm163903679_db`.`shopnc_` as ``   limit 0,300
[2015-06-13 09:21:24] /sun/index.php?act=db&op=db&step=2 ( act=db&op=db ) 
ERR: Db Error: Table 'qdm163903679_db.shopnc_' doesn't exist
SELECT * FROM `qdm163903679_db`.`shopnc_` as ``   limit 0,300
[2015-06-13 09:21:24] /sun/index.php?act=db&op=db&step=2 ( act=db&op=db ) 
ERR: Db Error: Table 'qdm163903679_db.shopnc_' doesn't exist
SELECT * FROM `qdm163903679_db`.`shopnc_` as ``   limit 0,300
[2015-06-13 09:21:24] /sun/index.php?act=db&op=db&step=2 ( act=db&op=db ) 
ERR: Db Error: Table 'qdm163903679_db.shopnc_' doesn't exist
SELECT * FROM `qdm163903679_db`.`shopnc_` as ``   limit 0,300
[2015-06-13 09:21:24] /sun/index.php?act=db&op=db&step=2 ( act=db&op=db ) 
ERR: Db Error: Table 'qdm163903679_db.shopnc_ge' doesn't exist
SELECT * FROM `qdm163903679_db`.`shopnc_ge` as `ge`   limit 0,300
[2015-06-13 09:21:24] /sun/index.php?act=db&op=db&step=2 ( act=db&op=db ) 
ERR: Db Error: Table 'qdm163903679_db.shopnc_' doesn't exist
SELECT * FROM `qdm163903679_db`.`shopnc_` as ``   limit 0,300
[2015-06-13 09:21:24] /sun/index.php?act=db&op=db&step=2 ( act=db&op=db ) 
ERR: Db Error: Table 'qdm163903679_db.shopnc_' doesn't exist
SELECT * FROM `qdm163903679_db`.`shopnc_` as ``   limit 0,300
[2015-06-13 09:21:24] /sun/index.php?act=db&op=db&step=2 ( act=db&op=db ) 
ERR: Db Error: Table 'qdm163903679_db.shopnc_' doesn't exist
SELECT * FROM `qdm163903679_db`.`shopnc_` as ``   limit 0,300
[2015-06-13 09:21:24] /sun/index.php?act=db&op=db&step=2 ( act=db&op=db ) 
ERR: Db Error: Table 'qdm163903679_db.shopnc_' doesn't exist
SELECT * FROM `qdm163903679_db`.`shopnc_` as ``   limit 0,300
[2015-06-13 09:21:24] /sun/index.php?act=db&op=db&step=2 ( act=db&op=db ) 
ERR: Db Error: Table 'qdm163903679_db.shopnc_' doesn't exist
SELECT * FROM `qdm163903679_db`.`shopnc_` as ``   limit 0,300
[2015-06-13 09:21:24] /sun/index.php?act=db&op=db&step=2 ( act=db&op=db ) 
ERR: Db Error: Table 'qdm163903679_db.shopnc_e' doesn't exist
SELECT * FROM `qdm163903679_db`.`shopnc_e` as `e`   limit 0,300
[2015-06-13 09:21:24] /sun/index.php?act=db&op=db&step=2 ( act=db&op=db ) 
ERR: Db Error: Table 'qdm163903679_db.shopnc_' doesn't exist
SELECT * FROM `qdm163903679_db`.`shopnc_` as ``   limit 0,300
[2015-06-13 09:21:24] /sun/index.php?act=db&op=db&step=2 ( act=db&op=db ) 
ERR: Db Error: Table 'qdm163903679_db.shopnc_' doesn't exist
SELECT * FROM `qdm163903679_db`.`shopnc_` as ``   limit 0,300
[2015-06-13 09:21:24] /sun/index.php?act=db&op=db&step=2 ( act=db&op=db ) 
ERR: Db Error: Table 'qdm163903679_db.shopnc_' doesn't exist
SELECT * FROM `qdm163903679_db`.`shopnc_` as ``   limit 0,300
[2015-06-13 09:21:24] /sun/index.php?act=db&op=db&step=2 ( act=db&op=db ) 
ERR: Db Error: Table 'qdm163903679_db.shopnc_' doesn't exist
SELECT * FROM `qdm163903679_db`.`shopnc_` as ``   limit 0,300
[2015-06-13 09:21:24] /sun/index.php?act=db&op=db&step=2 ( act=db&op=db ) 
ERR: Db Error: Table 'qdm163903679_db.shopnc_' doesn't exist
SELECT * FROM `qdm163903679_db`.`shopnc_` as ``   limit 0,300
[2015-06-13 09:21:24] /sun/index.php?act=db&op=db&step=2 ( act=db&op=db ) 
ERR: Db Error: Table 'qdm163903679_db.shopnc_' doesn't exist
SELECT * FROM `qdm163903679_db`.`shopnc_` as ``   limit 0,300
[2015-06-13 09:21:24] /sun/index.php?act=db&op=db&step=2 ( act=db&op=db ) 
ERR: Db Error: Table 'qdm163903679_db.shopnc_' doesn't exist
SELECT * FROM `qdm163903679_db`.`shopnc_` as ``   limit 0,300
[2015-06-13 09:21:24] /sun/index.php?act=db&op=db&step=2 ( act=db&op=db ) 
ERR: Db Error: Table 'qdm163903679_db.shopnc_' doesn't exist
SELECT * FROM `qdm163903679_db`.`shopnc_` as ``   limit 0,300
[2015-06-13 09:21:24] /sun/index.php?act=db&op=db&step=2 ( act=db&op=db ) 
ERR: Db Error: Table 'qdm163903679_db.shopnc_' doesn't exist
SELECT * FROM `qdm163903679_db`.`shopnc_` as ``   limit 0,300
[2015-06-13 09:21:24] /sun/index.php?act=db&op=db&step=2 ( act=db&op=db ) 
ERR: Db Error: Table 'qdm163903679_db.shopnc_' doesn't exist
SELECT * FROM `qdm163903679_db`.`shopnc_` as ``   limit 0,300
[2015-06-13 09:21:24] /sun/index.php?act=db&op=db&step=2 ( act=db&op=db ) 
ERR: Db Error: Table 'qdm163903679_db.shopnc_' doesn't exist
SELECT * FROM `qdm163903679_db`.`shopnc_` as ``   limit 0,300
[2015-06-13 09:21:24] /sun/index.php?act=db&op=db&step=2 ( act=db&op=db ) 
ERR: Db Error: Table 'qdm163903679_db.shopnc_' doesn't exist
SELECT * FROM `qdm163903679_db`.`shopnc_` as ``   limit 0,300
[2015-06-13 09:21:24] /sun/index.php?act=db&op=db&step=2 ( act=db&op=db ) 
ERR: Db Error: Table 'qdm163903679_db.shopnc_' doesn't exist
SELECT * FROM `qdm163903679_db`.`shopnc_` as ``   limit 0,300
[2015-06-13 09:21:24] /sun/index.php?act=db&op=db&step=2 ( act=db&op=db ) 
ERR: Db Error: Table 'qdm163903679_db.shopnc_' doesn't exist
SELECT * FROM `qdm163903679_db`.`shopnc_` as ``   limit 0,300
[2015-06-13 09:21:24] /sun/index.php?act=db&op=db&step=2 ( act=db&op=db ) 
ERR: Db Error: Table 'qdm163903679_db.shopnc_' doesn't exist
SELECT * FROM `qdm163903679_db`.`shopnc_` as ``   limit 0,300
[2015-06-13 09:21:24] /sun/index.php?act=db&op=db&step=2 ( act=db&op=db ) 
ERR: Db Error: Table 'qdm163903679_db.shopnc_' doesn't exist
SELECT * FROM `qdm163903679_db`.`shopnc_` as ``   limit 0,300
[2015-06-13 09:21:24] /sun/index.php?act=db&op=db&step=2 ( act=db&op=db ) 
ERR: Db Error: Table 'qdm163903679_db.shopnc_' doesn't exist
SELECT * FROM `qdm163903679_db`.`shopnc_` as ``   limit 0,300
[2015-06-13 09:21:24] /sun/index.php?act=db&op=db&step=2 ( act=db&op=db ) 
ERR: Db Error: Table 'qdm163903679_db.shopnc_' doesn't exist
SELECT * FROM `qdm163903679_db`.`shopnc_` as ``   limit 0,300
[2015-06-13 09:21:24] /sun/index.php?act=db&op=db&step=2 ( act=db&op=db ) 
ERR: Db Error: Table 'qdm163903679_db.shopnc_' doesn't exist
SELECT * FROM `qdm163903679_db`.`shopnc_` as ``   limit 0,300
[2015-06-13 09:21:24] /sun/index.php?act=db&op=db&step=2 ( act=db&op=db ) 
ERR: Db Error: Table 'qdm163903679_db.shopnc_' doesn't exist
SELECT * FROM `qdm163903679_db`.`shopnc_` as ``   limit 0,300
[2015-06-13 09:21:24] /sun/index.php?act=db&op=db&step=2 ( act=db&op=db ) 
ERR: Db Error: Table 'qdm163903679_db.shopnc_' doesn't exist
SELECT * FROM `qdm163903679_db`.`shopnc_` as ``   limit 0,300
[2015-06-13 09:21:24] /sun/index.php?act=db&op=db&step=2 ( act=db&op=db ) 
ERR: Db Error: Table 'qdm163903679_db.shopnc_' doesn't exist
SELECT * FROM `qdm163903679_db`.`shopnc_` as ``   limit 0,300
[2015-06-13 09:21:24] /sun/index.php?act=db&op=db&step=2 ( act=db&op=db ) 
ERR: Db Error: Table 'qdm163903679_db.shopnc_' doesn't exist
SELECT * FROM `qdm163903679_db`.`shopnc_` as ``   limit 0,300
[2015-06-13 09:21:24] /sun/index.php?act=db&op=db&step=2 ( act=db&op=db ) 
ERR: Db Error: Table 'qdm163903679_db.shopnc_' doesn't exist
SELECT * FROM `qdm163903679_db`.`shopnc_` as ``   limit 0,300
[2015-06-13 09:21:24] /sun/index.php?act=db&op=db&step=2 ( act=db&op=db ) 
ERR: Db Error: Table 'qdm163903679_db.shopnc_' doesn't exist
SELECT * FROM `qdm163903679_db`.`shopnc_` as ``   limit 0,300
[2015-06-13 09:21:24] /sun/index.php?act=db&op=db&step=2 ( act=db&op=db ) 
ERR: Db Error: Table 'qdm163903679_db.shopnc_' doesn't exist
SELECT * FROM `qdm163903679_db`.`shopnc_` as ``   limit 0,300
[2015-06-13 09:21:24] /sun/index.php?act=db&op=db&step=2 ( act=db&op=db ) 
ERR: Db Error: Table 'qdm163903679_db.shopnc_' doesn't exist
SELECT * FROM `qdm163903679_db`.`shopnc_` as ``   limit 0,300
[2015-06-13 09:21:24] /sun/index.php?act=db&op=db&step=2 ( act=db&op=db ) 
ERR: Db Error: Table 'qdm163903679_db.shopnc_on' doesn't exist
SELECT * FROM `qdm163903679_db`.`shopnc_on` as `on`   limit 0,300
[2015-06-13 09:21:24] /sun/index.php?act=db&op=db&step=2 ( act=db&op=db ) 
ERR: Db Error: Table 'qdm163903679_db.shopnc_' doesn't exist
SELECT * FROM `qdm163903679_db`.`shopnc_` as ``   limit 0,300
[2015-06-13 09:21:24] /sun/index.php?act=db&op=db&step=2 ( act=db&op=db ) 
ERR: Db Error: Table 'qdm163903679_db.shopnc_' doesn't exist
SELECT * FROM `qdm163903679_db`.`shopnc_` as ``   limit 0,300
[2015-06-13 09:21:24] /sun/index.php?act=db&op=db&step=2 ( act=db&op=db ) 
ERR: Db Error: Table 'qdm163903679_db.shopnc_' doesn't exist
SELECT * FROM `qdm163903679_db`.`shopnc_` as ``   limit 0,300
[2015-06-13 09:21:24] /sun/index.php?act=db&op=db&step=2 ( act=db&op=db ) 
ERR: Db Error: Table 'qdm163903679_db.shopnc_ss' doesn't exist
SELECT * FROM `qdm163903679_db`.`shopnc_ss` as `ss`   limit 0,300
[2015-06-13 09:21:24] /sun/index.php?act=db&op=db&step=2 ( act=db&op=db ) 
ERR: Db Error: Table 'qdm163903679_db.shopnc_' doesn't exist
SELECT * FROM `qdm163903679_db`.`shopnc_` as ``   limit 0,300
[2015-06-13 09:21:24] /sun/index.php?act=db&op=db&step=2 ( act=db&op=db ) 
ERR: Db Error: Table 'qdm163903679_db.shopnc_' doesn't exist
SELECT * FROM `qdm163903679_db`.`shopnc_` as ``   limit 0,300
[2015-06-13 09:21:24] /sun/index.php?act=db&op=db&step=2 ( act=db&op=db ) 
ERR: Db Error: Table 'qdm163903679_db.shopnc_' doesn't exist
SELECT * FROM `qdm163903679_db`.`shopnc_` as ``   limit 0,300
[2015-06-13 09:21:24] /sun/index.php?act=db&op=db&step=2 ( act=db&op=db ) 
ERR: Db Error: Table 'qdm163903679_db.shopnc_' doesn't exist
SELECT * FROM `qdm163903679_db`.`shopnc_` as ``   limit 0,300
[2015-06-13 09:21:24] /sun/index.php?act=db&op=db&step=2 ( act=db&op=db ) 
ERR: Db Error: Table 'qdm163903679_db.shopnc_' doesn't exist
SELECT * FROM `qdm163903679_db`.`shopnc_` as ``   limit 0,300
[2015-06-13 09:21:24] /sun/index.php?act=db&op=db&step=2 ( act=db&op=db ) 
ERR: Db Error: Table 'qdm163903679_db.shopnc_' doesn't exist
SELECT * FROM `qdm163903679_db`.`shopnc_` as ``   limit 0,300
[2015-06-13 09:21:24] /sun/index.php?act=db&op=db&step=2 ( act=db&op=db ) 
ERR: Db Error: Table 'qdm163903679_db.shopnc_' doesn't exist
SELECT * FROM `qdm163903679_db`.`shopnc_` as ``   limit 0,300
[2015-06-13 09:21:24] /sun/index.php?act=db&op=db&step=2 ( act=db&op=db ) 
ERR: Db Error: Table 'qdm163903679_db.shopnc_' doesn't exist
SELECT * FROM `qdm163903679_db`.`shopnc_` as ``   limit 0,300
[2015-06-13 09:21:24] /sun/index.php?act=db&op=db&step=2 ( act=db&op=db ) 
ERR: Db Error: Table 'qdm163903679_db.shopnc_' doesn't exist
SELECT * FROM `qdm163903679_db`.`shopnc_` as ``   limit 0,300
[2015-06-13 09:21:24] /sun/index.php?act=db&op=db&step=2 ( act=db&op=db ) 
ERR: Db Error: Table 'qdm163903679_db.shopnc_' doesn't exist
SELECT * FROM `qdm163903679_db`.`shopnc_` as ``   limit 0,300
[2015-06-13 09:21:24] /sun/index.php?act=db&op=db&step=2 ( act=db&op=db ) 
ERR: Db Error: Table 'qdm163903679_db.shopnc_' doesn't exist
SELECT * FROM `qdm163903679_db`.`shopnc_` as ``   limit 0,300
[2015-06-13 09:21:24] /sun/index.php?act=db&op=db&step=2 ( act=db&op=db ) 
ERR: Db Error: Table 'qdm163903679_db.shopnc_' doesn't exist
SELECT * FROM `qdm163903679_db`.`shopnc_` as ``   limit 0,300
[2015-06-13 09:21:24] /sun/index.php?act=db&op=db&step=2 ( act=db&op=db ) 
ERR: Db Error: Table 'qdm163903679_db.shopnc_' doesn't exist
SELECT * FROM `qdm163903679_db`.`shopnc_` as ``   limit 0,300
[2015-06-13 09:21:24] /sun/index.php?act=db&op=db&step=2 ( act=db&op=db ) 
ERR: Db Error: Table 'qdm163903679_db.shopnc_' doesn't exist
SELECT * FROM `qdm163903679_db`.`shopnc_` as ``   limit 0,300
[2015-06-13 09:21:24] /sun/index.php?act=db&op=db&step=2 ( act=db&op=db ) 
ERR: Db Error: Table 'qdm163903679_db.shopnc_' doesn't exist
SELECT * FROM `qdm163903679_db`.`shopnc_` as ``   limit 0,300
[2015-06-13 09:21:24] /sun/index.php?act=db&op=db&step=2 ( act=db&op=db ) 
ERR: Db Error: Table 'qdm163903679_db.shopnc_' doesn't exist
SELECT * FROM `qdm163903679_db`.`shopnc_` as ``   limit 0,300
[2015-06-13 09:21:24] /sun/index.php?act=db&op=db&step=2 ( act=db&op=db ) 
ERR: Db Error: Table 'qdm163903679_db.shopnc_' doesn't exist
SELECT * FROM `qdm163903679_db`.`shopnc_` as ``   limit 0,300
[2015-06-13 09:21:24] /sun/index.php?act=db&op=db&step=2 ( act=db&op=db ) 
ERR: Db Error: Table 'qdm163903679_db.shopnc_' doesn't exist
SELECT * FROM `qdm163903679_db`.`shopnc_` as ``   limit 0,300
[2015-06-13 09:21:24] /sun/index.php?act=db&op=db&step=2 ( act=db&op=db ) 
ERR: Db Error: Table 'qdm163903679_db.shopnc_' doesn't exist
SELECT * FROM `qdm163903679_db`.`shopnc_` as ``   limit 0,300
[2015-06-13 09:21:24] /sun/index.php?act=db&op=db&step=2 ( act=db&op=db ) 
ERR: Db Error: Table 'qdm163903679_db.shopnc_' doesn't exist
SELECT * FROM `qdm163903679_db`.`shopnc_` as ``   limit 0,300
[2015-06-13 09:21:24] /sun/index.php?act=db&op=db&step=2 ( act=db&op=db ) 
ERR: Db Error: Table 'qdm163903679_db.shopnc_' doesn't exist
SELECT * FROM `qdm163903679_db`.`shopnc_` as ``   limit 0,300
[2015-06-13 09:21:24] /sun/index.php?act=db&op=db&step=2 ( act=db&op=db ) 
ERR: Db Error: Table 'qdm163903679_db.shopnc_' doesn't exist
SELECT * FROM `qdm163903679_db`.`shopnc_` as ``   limit 0,300
[2015-06-13 09:21:24] /sun/index.php?act=db&op=db&step=2 ( act=db&op=db ) 
ERR: Db Error: Table 'qdm163903679_db.shopnc_' doesn't exist
SELECT * FROM `qdm163903679_db`.`shopnc_` as ``   limit 0,300
[2015-06-13 09:21:24] /sun/index.php?act=db&op=db&step=2 ( act=db&op=db ) 
ERR: Db Error: Table 'qdm163903679_db.shopnc_' doesn't exist
SELECT * FROM `qdm163903679_db`.`shopnc_` as ``   limit 0,300
[2015-06-13 09:21:24] /sun/index.php?act=db&op=db&step=2 ( act=db&op=db ) 
ERR: Db Error: Table 'qdm163903679_db.shopnc_' doesn't exist
SELECT * FROM `qdm163903679_db`.`shopnc_` as ``   limit 0,300
[2015-06-13 09:21:24] /sun/index.php?act=db&op=db&step=2 ( act=db&op=db ) 
ERR: Db Error: Table 'qdm163903679_db.shopnc_' doesn't exist
SELECT * FROM `qdm163903679_db`.`shopnc_` as ``   limit 0,300
[2015-06-13 09:21:24] /sun/index.php?act=db&op=db&step=2 ( act=db&op=db ) 
ERR: Db Error: Table 'qdm163903679_db.shopnc_' doesn't exist
SELECT * FROM `qdm163903679_db`.`shopnc_` as ``   limit 0,300
[2015-06-13 09:21:24] /sun/index.php?act=db&op=db&step=2 ( act=db&op=db ) 
ERR: Db Error: Table 'qdm163903679_db.shopnc_' doesn't exist
SELECT * FROM `qdm163903679_db`.`shopnc_` as ``   limit 0,300
[2015-06-13 09:21:24] /sun/index.php?act=db&op=db&step=2 ( act=db&op=db ) 
ERR: Db Error: Table 'qdm163903679_db.shopnc_' doesn't exist
SELECT * FROM `qdm163903679_db`.`shopnc_` as ``   limit 0,300
[2015-06-13 09:21:24] /sun/index.php?act=db&op=db&step=2 ( act=db&op=db ) 
ERR: Db Error: Table 'qdm163903679_db.shopnc_s' doesn't exist
SELECT * FROM `qdm163903679_db`.`shopnc_s` as `s`   limit 0,300
[2015-06-13 09:21:24] /sun/index.php?act=db&op=db&step=2 ( act=db&op=db ) 
ERR: Db Error: Table 'qdm163903679_db.shopnc_' doesn't exist
SELECT * FROM `qdm163903679_db`.`shopnc_` as ``   limit 0,300
[2015-06-13 09:21:24] /sun/index.php?act=db&op=db&step=2 ( act=db&op=db ) 
ERR: Db Error: Table 'qdm163903679_db.shopnc_' doesn't exist
SELECT * FROM `qdm163903679_db`.`shopnc_` as ``   limit 0,300
[2015-06-13 09:21:24] /sun/index.php?act=db&op=db&step=2 ( act=db&op=db ) 
ERR: Db Error: Table 'qdm163903679_db.shopnc_' doesn't exist
SELECT * FROM `qdm163903679_db`.`shopnc_` as ``   limit 0,300
[2015-06-13 09:21:24] /sun/index.php?act=db&op=db&step=2 ( act=db&op=db ) 
ERR: Db Error: Table 'qdm163903679_db.shopnc_' doesn't exist
SELECT * FROM `qdm163903679_db`.`shopnc_` as ``   limit 0,300
[2015-06-13 09:21:24] /sun/index.php?act=db&op=db&step=2 ( act=db&op=db ) 
ERR: Db Error: Table 'qdm163903679_db.shopnc_' doesn't exist
SELECT * FROM `qdm163903679_db`.`shopnc_` as ``   limit 0,300
[2015-06-13 09:21:24] /sun/index.php?act=db&op=db&step=2 ( act=db&op=db ) 
ERR: Db Error: Table 'qdm163903679_db.shopnc_' doesn't exist
SELECT * FROM `qdm163903679_db`.`shopnc_` as ``   limit 0,300
[2015-06-13 09:21:24] /sun/index.php?act=db&op=db&step=2 ( act=db&op=db ) 
ERR: Db Error: Table 'qdm163903679_db.shopnc_' doesn't exist
SELECT * FROM `qdm163903679_db`.`shopnc_` as ``   limit 0,300
[2015-06-13 09:21:24] /sun/index.php?act=db&op=db&step=2 ( act=db&op=db ) 
ERR: Db Error: Table 'qdm163903679_db.shopnc_' doesn't exist
SELECT * FROM `qdm163903679_db`.`shopnc_` as ``   limit 0,300
[2015-06-13 09:21:24] /sun/index.php?act=db&op=db&step=2 ( act=db&op=db ) 
ERR: Db Error: Table 'qdm163903679_db.shopnc_' doesn't exist
SELECT * FROM `qdm163903679_db`.`shopnc_` as ``   limit 0,300
[2015-06-13 09:21:24] /sun/index.php?act=db&op=db&step=2 ( act=db&op=db ) 
ERR: Db Error: Table 'qdm163903679_db.shopnc_' doesn't exist
SELECT * FROM `qdm163903679_db`.`shopnc_` as ``   limit 0,300
[2015-06-13 09:21:24] /sun/index.php?act=db&op=db&step=2 ( act=db&op=db ) 
ERR: Db Error: Table 'qdm163903679_db.shopnc_' doesn't exist
SELECT * FROM `qdm163903679_db`.`shopnc_` as ``   limit 0,300
[2015-06-13 09:21:24] /sun/index.php?act=db&op=db&step=2 ( act=db&op=db ) 
ERR: Db Error: Table 'qdm163903679_db.shopnc_' doesn't exist
SELECT * FROM `qdm163903679_db`.`shopnc_` as ``   limit 0,300
[2015-06-13 09:21:24] /sun/index.php?act=db&op=db&step=2 ( act=db&op=db ) 
ERR: Db Error: Table 'qdm163903679_db.shopnc_' doesn't exist
SELECT * FROM `qdm163903679_db`.`shopnc_` as ``   limit 0,300
[2015-06-13 09:21:24] /sun/index.php?act=db&op=db&step=2 ( act=db&op=db ) 
ERR: Db Error: Table 'qdm163903679_db.shopnc_' doesn't exist
SELECT * FROM `qdm163903679_db`.`shopnc_` as ``   limit 0,300
[2015-06-13 09:21:24] /sun/index.php?act=db&op=db&step=2 ( act=db&op=db ) 
ERR: Db Error: Table 'qdm163903679_db.shopnc_' doesn't exist
SELECT * FROM `qdm163903679_db`.`shopnc_` as ``   limit 0,300
[2015-06-13 09:21:24] /sun/index.php?act=db&op=db&step=2 ( act=db&op=db ) 
ERR: Db Error: Table 'qdm163903679_db.shopnc_' doesn't exist
SELECT * FROM `qdm163903679_db`.`shopnc_` as ``   limit 0,300
[2015-06-13 09:21:24] /sun/index.php?act=db&op=db&step=2 ( act=db&op=db ) 
ERR: Db Error: Table 'qdm163903679_db.shopnc_' doesn't exist
SELECT * FROM `qdm163903679_db`.`shopnc_` as ``   limit 0,300
[2015-06-13 09:21:24] /sun/index.php?act=db&op=db&step=2 ( act=db&op=db ) 
ERR: Db Error: Table 'qdm163903679_db.shopnc_' doesn't exist
SELECT * FROM `qdm163903679_db`.`shopnc_` as ``   limit 0,300
[2015-06-13 09:21:24] /sun/index.php?act=db&op=db&step=2 ( act=db&op=db ) 
ERR: Db Error: Table 'qdm163903679_db.shopnc_' doesn't exist
SELECT * FROM `qdm163903679_db`.`shopnc_` as ``   limit 0,300
[2015-06-13 09:21:24] /sun/index.php?act=db&op=db&step=2 ( act=db&op=db ) 
ERR: Db Error: Table 'qdm163903679_db.shopnc_' doesn't exist
SELECT * FROM `qdm163903679_db`.`shopnc_` as ``   limit 0,300
[2015-06-13 09:21:24] /sun/index.php?act=db&op=db&step=2 ( act=db&op=db ) 
ERR: Db Error: Table 'qdm163903679_db.shopnc_' doesn't exist
SELECT * FROM `qdm163903679_db`.`shopnc_` as ``   limit 0,300
[2015-06-13 09:21:24] /sun/index.php?act=db&op=db&step=2 ( act=db&op=db ) 
ERR: Db Error: Table 'qdm163903679_db.shopnc_' doesn't exist
SELECT * FROM `qdm163903679_db`.`shopnc_` as ``   limit 0,300
[2015-06-13 09:21:24] /sun/index.php?act=db&op=db&step=2 ( act=db&op=db ) 
ERR: Db Error: Table 'qdm163903679_db.shopnc_' doesn't exist
SELECT * FROM `qdm163903679_db`.`shopnc_` as ``   limit 0,300
[2015-06-13 09:21:24] /sun/index.php?act=db&op=db&step=2 ( act=db&op=db ) 
ERR: Db Error: Table 'qdm163903679_db.shopnc_' doesn't exist
SELECT * FROM `qdm163903679_db`.`shopnc_` as ``   limit 0,300
[2015-06-13 09:21:24] /sun/index.php?act=db&op=db&step=2 ( act=db&op=db ) 
ERR: Db Error: Table 'qdm163903679_db.shopnc_' doesn't exist
SELECT * FROM `qdm163903679_db`.`shopnc_` as ``   limit 0,300
[2015-06-13 09:21:24] /sun/index.php?act=db&op=db&step=2 ( act=db&op=db ) 
ERR: Db Error: Table 'qdm163903679_db.shopnc_' doesn't exist
SELECT * FROM `qdm163903679_db`.`shopnc_` as ``   limit 0,300
[2015-06-13 09:21:24] /sun/index.php?act=db&op=db&step=2 ( act=db&op=db ) 
ERR: Db Error: Table 'qdm163903679_db.shopnc_' doesn't exist
SELECT * FROM `qdm163903679_db`.`shopnc_` as ``   limit 0,300
[2015-06-13 09:21:24] /sun/index.php?act=db&op=db&step=2 ( act=db&op=db ) 
ERR: Db Error: Table 'qdm163903679_db.shopnc_' doesn't exist
SELECT * FROM `qdm163903679_db`.`shopnc_` as ``   limit 0,300
[2015-06-13 09:21:24] /sun/index.php?act=db&op=db&step=2 ( act=db&op=db ) 
ERR: Db Error: Table 'qdm163903679_db.shopnc_' doesn't exist
SELECT * FROM `qdm163903679_db`.`shopnc_` as ``   limit 0,300
[2015-06-13 09:21:24] /sun/index.php?act=db&op=db&step=2 ( act=db&op=db ) 
ERR: Db Error: Table 'qdm163903679_db.shopnc_' doesn't exist
SELECT * FROM `qdm163903679_db`.`shopnc_` as ``   limit 0,300
[2015-06-13 09:21:24] /sun/index.php?act=db&op=db&step=2 ( act=db&op=db ) 
ERR: Db Error: Table 'qdm163903679_db.shopnc_' doesn't exist
SELECT * FROM `qdm163903679_db`.`shopnc_` as ``   limit 0,300
[2015-06-13 09:21:24] /sun/index.php?act=db&op=db&step=2 ( act=db&op=db ) 
ERR: Db Error: Table 'qdm163903679_db.shopnc_' doesn't exist
SELECT * FROM `qdm163903679_db`.`shopnc_` as ``   limit 0,300
[2015-06-13 09:21:24] /sun/index.php?act=db&op=db&step=2 ( act=db&op=db ) 
ERR: Db Error: Table 'qdm163903679_db.shopnc_' doesn't exist
SELECT * FROM `qdm163903679_db`.`shopnc_` as ``   limit 0,300
[2015-06-13 09:21:24] /sun/index.php?act=db&op=db&step=2 ( act=db&op=db ) 
ERR: Db Error: Table 'qdm163903679_db.shopnc_' doesn't exist
SELECT * FROM `qdm163903679_db`.`shopnc_` as ``   limit 0,300
[2015-06-13 09:21:24] /sun/index.php?act=db&op=db&step=2 ( act=db&op=db ) 
ERR: Db Error: Table 'qdm163903679_db.shopnc_' doesn't exist
SELECT * FROM `qdm163903679_db`.`shopnc_` as ``   limit 0,300
[2015-06-13 09:21:24] /sun/index.php?act=db&op=db&step=2 ( act=db&op=db ) 
ERR: Db Error: Table 'qdm163903679_db.shopnc_' doesn't exist
SELECT * FROM `qdm163903679_db`.`shopnc_` as ``   limit 0,300
[2015-06-13 09:21:24] /sun/index.php?act=db&op=db&step=2 ( act=db&op=db ) 
ERR: Db Error: Table 'qdm163903679_db.shopnc_lbum' doesn't exist
SELECT * FROM `qdm163903679_db`.`shopnc_lbum` as `lbum`   limit 0,300
[2015-06-13 09:21:25] /sun/index.php?act=db&op=db&step=2 ( act=db&op=db ) 
ERR: Db Error: Table 'qdm163903679_db.shopnc_' doesn't exist
SELECT * FROM `qdm163903679_db`.`shopnc_` as ``   limit 0,300
[2015-06-13 09:21:25] /sun/index.php?act=db&op=db&step=2 ( act=db&op=db ) 
ERR: Db Error: Table 'qdm163903679_db.shopnc_' doesn't exist
SELECT * FROM `qdm163903679_db`.`shopnc_` as ``   limit 0,300
[2015-06-13 09:21:25] /sun/index.php?act=db&op=db&step=2 ( act=db&op=db ) 
ERR: Db Error: Table 'qdm163903679_db.shopnc_' doesn't exist
SELECT * FROM `qdm163903679_db`.`shopnc_` as ``   limit 0,300
[2015-06-13 09:21:25] /sun/index.php?act=db&op=db&step=2 ( act=db&op=db ) 
ERR: Db Error: Table 'qdm163903679_db.shopnc_' doesn't exist
SELECT * FROM `qdm163903679_db`.`shopnc_` as ``   limit 0,300
[2015-06-13 09:21:25] /sun/index.php?act=db&op=db&step=2 ( act=db&op=db ) 
ERR: Db Error: Table 'qdm163903679_db.shopnc_' doesn't exist
SELECT * FROM `qdm163903679_db`.`shopnc_` as ``   limit 0,300
[2015-06-13 09:21:25] /sun/index.php?act=db&op=db&step=2 ( act=db&op=db ) 
ERR: Db Error: Table 'qdm163903679_db.shopnc_' doesn't exist
SELECT * FROM `qdm163903679_db`.`shopnc_` as ``   limit 0,300
[2015-06-13 09:21:25] /sun/index.php?act=db&op=db&step=2 ( act=db&op=db ) 
ERR: Db Error: Table 'qdm163903679_db.shopnc_' doesn't exist
SELECT * FROM `qdm163903679_db`.`shopnc_` as ``   limit 0,300
[2015-06-13 09:21:25] /sun/index.php?act=db&op=db&step=2 ( act=db&op=db ) 
ERR: Db Error: Table 'qdm163903679_db.shopnc_' doesn't exist
SELECT * FROM `qdm163903679_db`.`shopnc_` as ``   limit 0,300
[2015-06-13 09:21:25] /sun/index.php?act=db&op=db&step=2 ( act=db&op=db ) 
ERR: Db Error: Table 'qdm163903679_db.shopnc_' doesn't exist
SELECT * FROM `qdm163903679_db`.`shopnc_` as ``   limit 0,300
[2015-06-13 09:21:25] /sun/index.php?act=db&op=db&step=2 ( act=db&op=db ) 
ERR: Db Error: Table 'qdm163903679_db.shopnc_' doesn't exist
SELECT * FROM `qdm163903679_db`.`shopnc_` as ``   limit 0,300
[2015-06-13 09:21:25] /sun/index.php?act=db&op=db&step=2 ( act=db&op=db ) 
ERR: Db Error: Table 'qdm163903679_db.shopnc_' doesn't exist
SELECT * FROM `qdm163903679_db`.`shopnc_` as ``   limit 0,300
[2015-06-13 09:21:25] /sun/index.php?act=db&op=db&step=2 ( act=db&op=db ) 
ERR: Db Error: Table 'qdm163903679_db.shopnc_' doesn't exist
SELECT * FROM `qdm163903679_db`.`shopnc_` as ``   limit 0,300
[2015-06-13 09:21:25] /sun/index.php?act=db&op=db&step=2 ( act=db&op=db ) 
ERR: Db Error: Table 'qdm163903679_db.shopnc_' doesn't exist
SELECT * FROM `qdm163903679_db`.`shopnc_` as ``   limit 0,300
[2015-06-13 09:21:25] /sun/index.php?act=db&op=db&step=2 ( act=db&op=db ) 
ERR: Db Error: Table 'qdm163903679_db.shopnc_' doesn't exist
SELECT * FROM `qdm163903679_db`.`shopnc_` as ``   limit 0,300
[2015-06-13 09:21:25] /sun/index.php?act=db&op=db&step=2 ( act=db&op=db ) 
ERR: Db Error: Table 'qdm163903679_db.shopnc_' doesn't exist
SELECT * FROM `qdm163903679_db`.`shopnc_` as ``   limit 0,300
[2015-06-13 09:21:25] /sun/index.php?act=db&op=db&step=2 ( act=db&op=db ) 
ERR: Db Error: Table 'qdm163903679_db.shopnc_' doesn't exist
SELECT * FROM `qdm163903679_db`.`shopnc_` as ``   limit 0,300
[2015-06-13 09:21:25] /sun/index.php?act=db&op=db&step=2 ( act=db&op=db ) 
ERR: Db Error: Table 'qdm163903679_db.shopnc_' doesn't exist
SELECT * FROM `qdm163903679_db`.`shopnc_` as ``   limit 0,300
[2015-06-13 09:21:25] /sun/index.php?act=db&op=db&step=2 ( act=db&op=db ) 
ERR: Db Error: Table 'qdm163903679_db.shopnc_' doesn't exist
SELECT * FROM `qdm163903679_db`.`shopnc_` as ``   limit 0,300
[2015-06-13 09:21:25] /sun/index.php?act=db&op=db&step=2 ( act=db&op=db ) 
ERR: Db Error: Table 'qdm163903679_db.shopnc_' doesn't exist
SELECT * FROM `qdm163903679_db`.`shopnc_` as ``   limit 0,300
[2015-06-13 09:21:25] /sun/index.php?act=db&op=db&step=2 ( act=db&op=db ) 
ERR: Db Error: Table 'qdm163903679_db.shopnc_' doesn't exist
SELECT * FROM `qdm163903679_db`.`shopnc_` as ``   limit 0,300
[2015-06-13 09:21:25] /sun/index.php?act=db&op=db&step=2 ( act=db&op=db ) 
ERR: Db Error: Table 'qdm163903679_db.shopnc_' doesn't exist
SELECT * FROM `qdm163903679_db`.`shopnc_` as ``   limit 0,300
[2015-06-13 09:21:25] /sun/index.php?act=db&op=db&step=2 ( act=db&op=db ) 
ERR: Db Error: Table 'qdm163903679_db.shopnc_' doesn't exist
SELECT * FROM `qdm163903679_db`.`shopnc_` as ``   limit 0,300
[2015-06-13 09:21:25] /sun/index.php?act=db&op=db&step=2 ( act=db&op=db ) 
ERR: Db Error: Table 'qdm163903679_db.shopnc_' doesn't exist
SELECT * FROM `qdm163903679_db`.`shopnc_` as ``   limit 0,300
[2015-06-13 09:21:25] /sun/index.php?act=db&op=db&step=2 ( act=db&op=db ) 
ERR: Db Error: Table 'qdm163903679_db.shopnc_' doesn't exist
SELECT * FROM `qdm163903679_db`.`shopnc_` as ``   limit 0,300
[2015-06-13 09:21:25] /sun/index.php?act=db&op=db&step=2 ( act=db&op=db ) 
ERR: Db Error: Table 'qdm163903679_db.shopnc_' doesn't exist
SELECT * FROM `qdm163903679_db`.`shopnc_` as ``   limit 0,300
[2015-06-13 09:21:25] /sun/index.php?act=db&op=db&step=2 ( act=db&op=db ) 
ERR: Db Error: Table 'qdm163903679_db.shopnc_' doesn't exist
SELECT * FROM `qdm163903679_db`.`shopnc_` as ``   limit 0,300
[2015-06-13 09:21:25] /sun/index.php?act=db&op=db&step=2 ( act=db&op=db ) 
ERR: Db Error: Table 'qdm163903679_db.shopnc_' doesn't exist
SELECT * FROM `qdm163903679_db`.`shopnc_` as ``   limit 0,300
[2015-06-13 09:21:25] /sun/index.php?act=db&op=db&step=2 ( act=db&op=db ) 
ERR: Db Error: Table 'qdm163903679_db.shopnc_' doesn't exist
SELECT * FROM `qdm163903679_db`.`shopnc_` as ``   limit 0,300
[2015-06-13 09:21:25] /sun/index.php?act=db&op=db&step=2 ( act=db&op=db ) 
ERR: Db Error: Table 'qdm163903679_db.shopnc_' doesn't exist
SELECT * FROM `qdm163903679_db`.`shopnc_` as ``   limit 0,300
[2015-06-13 09:21:25] /sun/index.php?act=db&op=db&step=2 ( act=db&op=db ) 
ERR: Db Error: Table 'qdm163903679_db.shopnc_' doesn't exist
SELECT * FROM `qdm163903679_db`.`shopnc_` as ``   limit 0,300
[2015-06-13 09:21:25] /sun/index.php?act=db&op=db&step=2 ( act=db&op=db ) 
ERR: Db Error: Table 'qdm163903679_db.shopnc_' doesn't exist
SELECT * FROM `qdm163903679_db`.`shopnc_` as ``   limit 0,300
[2015-06-13 09:21:25] /sun/index.php?act=db&op=db&step=2 ( act=db&op=db ) 
ERR: Db Error: Table 'qdm163903679_db.shopnc_' doesn't exist
SELECT * FROM `qdm163903679_db`.`shopnc_` as ``   limit 0,300
[2015-06-13 09:21:25] /sun/index.php?act=db&op=db&step=2 ( act=db&op=db ) 
ERR: Db Error: Table 'qdm163903679_db.shopnc_' doesn't exist
SELECT * FROM `qdm163903679_db`.`shopnc_` as ``   limit 0,300
[2015-06-13 09:21:25] /sun/index.php?act=db&op=db&step=2 ( act=db&op=db ) 
ERR: Db Error: Table 'qdm163903679_db.shopnc_' doesn't exist
SELECT * FROM `qdm163903679_db`.`shopnc_` as ``   limit 0,300
[2015-06-13 09:21:25] /sun/index.php?act=db&op=db&step=2 ( act=db&op=db ) 
ERR: Db Error: Table 'qdm163903679_db.shopnc_' doesn't exist
SELECT * FROM `qdm163903679_db`.`shopnc_` as ``   limit 0,300
[2015-06-13 09:21:25] /sun/index.php?act=db&op=db&step=2 ( act=db&op=db ) 
ERR: Db Error: Table 'qdm163903679_db.shopnc_' doesn't exist
SELECT * FROM `qdm163903679_db`.`shopnc_` as ``   limit 0,300
[2015-06-13 09:21:25] /sun/index.php?act=db&op=db&step=2 ( act=db&op=db ) 
ERR: Db Error: Table 'qdm163903679_db.shopnc_' doesn't exist
SELECT * FROM `qdm163903679_db`.`shopnc_` as ``   limit 0,300
